Arguments: 
  /usr/local/Cellar/node/21.6.1/bin/node /usr/local/Cellar/yarn/1.22.19/libexec/bin/yarn.js info --json

PATH: 
  /usr/bin:/bin:/usr/sbin:/sbin:/usr/local/bin

Yarn version: 
  1.22.19

Node version: 
  21.6.1

Platform: 
  darwin x64

Trace: 
  TypeError: Cannot read properties of null (reading '1')
      at parsePackageName (/usr/local/Cellar/yarn/1.22.19/libexec/lib/cli.js:97199:29)
      at Object.<anonymous> (/usr/local/Cellar/yarn/1.22.19/libexec/lib/cli.js:84761:90)
      at Generator.next (<anonymous>)
      at step (/usr/local/Cellar/yarn/1.22.19/libexec/lib/cli.js:310:30)
      at /usr/local/Cellar/yarn/1.22.19/libexec/lib/cli.js:321:13

npm manifest: 
  {
    "devDependencies": {
      "deepmerge": "^4.3.1",
      "papaparse": "^5.4.1",
      "sass": "~1.32",
      "sass-loader": "^13.2.0",
      "vite": "^4.3.0",
      "vite-plugin-ruby": "^3.2.0"
    },
    "dependencies": {
      "@mdi/font": "^7.1.96",
      "@vitejs/plugin-vue": "^4.1.0",
      "axios": "^1.3.4",
      "lodash-es": "^4.17.21",
      "moment": "^2.29.4",
      "vue": "3.2.33",
      "vue-google-oauth2": "^1.5.10",
      "vue-router": "^4.0.13",
      "vue3-editor": "^0.1.1",
      "vue3-google-login": "^2.0.25",
      "vue3-perfect-scrollbar": "^1.6.1",
      "vuetify": "^3.3.19",
      "vuex": "^4.0.2"
    }
  }

yarn manifest: 
  No manifest

Lockfile: 
  # THIS IS AN AUTOGENERATED FILE. DO NOT EDIT THIS FILE DIRECTLY.
  # yarn lockfile v1
  
  
  "@babel/parser@^7.16.4":
    "integrity" "sha512-lobG0d7aOfQRXh8AyklEAgZGvA4FShxo6xQbUrrT/cNBPUdIDojlokwJsQyCC/eKia7ifqM0yP+2DRZ4WKw2RQ=="
    "resolved" "https://registry.npmjs.org/@babel/parser/-/parser-7.21.3.tgz"
    "version" "7.21.3"
  
  "@esbuild/darwin-x64@0.18.20":
    "integrity" "sha512-pc5gxlMDxzm513qPGbCbDukOdsGtKhfxD1zJKXjCCcU7ju50O7MeAZ8c4krSJcOIJGFR+qx21yMMVYwiQvyTyQ=="
    "resolved" "https://registry.npmjs.org/@esbuild/darwin-x64/-/darwin-x64-0.18.20.tgz"
    "version" "0.18.20"
  
  "@esbuild/linux-x64@0.18.20":
    "integrity" "sha512-UYqiqemphJcNsFEskc73jQ7B9jgwjWrSayxawS6UVFZGWrAAtkzjxSqnoclCXxWtfwLdzU+vTpcNYhpn43uP1w=="
    "resolved" "https://registry.npmjs.org/@esbuild/linux-x64/-/linux-x64-0.18.20.tgz"
    "version" "0.18.20"
  
  "@jridgewell/gen-mapping@^0.3.0":
    "integrity" "sha512-mh65xKQAzI6iBcFzwv28KVWSmCkdRBWoOh+bYQGW3+6OZvbbN3TqMGo5hqYxQniRcH9F2VZIoJCm4pa3BPDK/A=="
    "resolved" "https://registry.npmjs.org/@jridgewell/gen-mapping/-/gen-mapping-0.3.2.tgz"
    "version" "0.3.2"
    dependencies:
      "@jridgewell/set-array" "^1.0.1"
      "@jridgewell/sourcemap-codec" "^1.4.10"
      "@jridgewell/trace-mapping" "^0.3.9"
  
  "@jridgewell/resolve-uri@3.1.0":
    "integrity" "sha512-F2msla3tad+Mfht5cJq7LSXcdudKTWCVYUgw6pLFOOHSTtZlj6SWNYAp+AhuqLmWdBO2X5hPrLcu8cVP8fy28w=="
    "resolved" "https://registry.npmjs.org/@jridgewell/resolve-uri/-/resolve-uri-3.1.0.tgz"
    "version" "3.1.0"
  
  "@jridgewell/set-array@^1.0.1":
    "integrity" "sha512-xnkseuNADM0gt2bs+BvhO0p78Mk762YnZdsuzFV018NoG1Sj1SCQvpSqa7XUaTam5vAGasABV9qXASMKnFMwMw=="
    "resolved" "https://registry.npmjs.org/@jridgewell/set-array/-/set-array-1.1.2.tgz"
    "version" "1.1.2"
  
  "@jridgewell/source-map@^0.3.2":
    "integrity" "sha512-m7O9o2uR8k2ObDysZYzdfhb08VuEml5oWGiosa1VdaPZ/A6QyPkAJuwN0Q1lhULOf6B7MtQmHENS743hWtCrgw=="
    "resolved" "https://registry.npmjs.org/@jridgewell/source-map/-/source-map-0.3.2.tgz"
    "version" "0.3.2"
    dependencies:
      "@jridgewell/gen-mapping" "^0.3.0"
      "@jridgewell/trace-mapping" "^0.3.9"
  
  "@jridgewell/sourcemap-codec@^1.4.10", "@jridgewell/sourcemap-codec@1.4.14":
    "integrity" "sha512-XPSJHWmi394fuUuzDnGz1wiKqWfo1yXecHQMRf2l6hztTO+nPru658AyDngaBe7isIxEkRsPR3FZh+s7iVa4Uw=="
    "resolved" "https://registry.npmjs.org/@jridgewell/sourcemap-codec/-/sourcemap-codec-1.4.14.tgz"
    "version" "1.4.14"
  
  "@jridgewell/trace-mapping@^0.3.17", "@jridgewell/trace-mapping@^0.3.9":
    "integrity" "sha512-MCNzAp77qzKca9+W/+I0+sEpaUnZoeasnghNeVc41VZCEKaCH73Vq3BZZ/SzWIgrqE4H4ceI+p+b6C0mHf9T4g=="
    "resolved" "https://registry.npmjs.org/@jridgewell/trace-mapping/-/trace-mapping-0.3.17.tgz"
    "version" "0.3.17"
    dependencies:
      "@jridgewell/resolve-uri" "3.1.0"
      "@jridgewell/sourcemap-codec" "1.4.14"
  
  "@mdi/font@^7.1.96":
    "integrity" "sha512-Imag6npmfkBDi2Ze2jiZVAPTDIKLxhz2Sx82xJ2zctyAU5LYJejLI5ChnDwiD9bMkQfVuzEsI98Q8toHyC+HCg=="
    "resolved" "https://registry.npmjs.org/@mdi/font/-/font-7.1.96.tgz"
    "version" "7.1.96"
  
  "@nodelib/fs.scandir@2.1.5":
    "integrity" "sha512-vq24Bq3ym5HEQm2NKCr3yXDwjc7vTsEThRDnkp2DK9p1uqLR+DHurm/NOTo0KG7HYHU7eppKZj3MyqYuMBf62g=="
    "resolved" "https://registry.npmjs.org/@nodelib/fs.scandir/-/fs.scandir-2.1.5.tgz"
    "version" "2.1.5"
    dependencies:
      "@nodelib/fs.stat" "2.0.5"
      "run-parallel" "^1.1.9"
  
  "@nodelib/fs.stat@^2.0.2", "@nodelib/fs.stat@2.0.5":
    "integrity" "sha512-RkhPPp2zrqDAQA/2jNhnztcPAlv64XdhIp7a7454A5ovI7Bukxgt7MX7udwAu3zg1DcpPU0rz3VV1SeaqvY4+A=="
    "resolved" "https://registry.npmjs.org/@nodelib/fs.stat/-/fs.stat-2.0.5.tgz"
    "version" "2.0.5"
  
  "@nodelib/fs.walk@^1.2.3":
    "integrity" "sha512-oGB+UxlgWcgQkgwo8GcEGwemoTFt3FIO9ababBmaGwXIoBKZ+GTy0pP185beGg7Llih/NSHSV2XAs1lnznocSg=="
    "resolved" "https://registry.npmjs.org/@nodelib/fs.walk/-/fs.walk-1.2.8.tgz"
    "version" "1.2.8"
    dependencies:
      "@nodelib/fs.scandir" "2.1.5"
      "fastq" "^1.6.0"
  
  "@trysound/sax@0.2.0":
    "integrity" "sha512-L7z9BgrNEcYyUYtF+HaEfiS5ebkh9jXqbszz7pC0hRBPaatV0XjSD3+eHrpqFemQfgwiFF0QPIarnIihIDn7OA=="
    "resolved" "https://registry.npmjs.org/@trysound/sax/-/sax-0.2.0.tgz"
    "version" "0.2.0"
  
  "@types/eslint-scope@^3.7.3":
    "integrity" "sha512-9K4zoImiZc3HlIp6AVUDE4CWYx22a+lhSZMYNpbjW04+YF0KWj4pJXnEMjdnFTiQibFFmElcsasJXDbdI/EPhA=="
    "resolved" "https://registry.npmjs.org/@types/eslint-scope/-/eslint-scope-3.7.4.tgz"
    "version" "3.7.4"
    dependencies:
      "@types/eslint" "*"
      "@types/estree" "*"
  
  "@types/eslint@*":
    "integrity" "sha512-EMpxUyystd3uZVByZap1DACsMXvb82ypQnGn89e1Y0a+LYu3JJscUd/gqhRsVFDkaD2MIiWo0MT8EfXr3DGRKw=="
    "resolved" "https://registry.npmjs.org/@types/eslint/-/eslint-8.21.2.tgz"
    "version" "8.21.2"
    dependencies:
      "@types/estree" "*"
      "@types/json-schema" "*"
  
  "@types/estree@*", "@types/estree@^0.0.51":
    "integrity" "sha512-CuPgU6f3eT/XgKKPqKd/gLZV1Xmvf1a2R5POBOGQa6uv82xpls89HU5zKeVoyR8XzHd1RGNOlQlvUe3CFkjWNQ=="
    "resolved" "https://registry.npmjs.org/@types/estree/-/estree-0.0.51.tgz"
    "version" "0.0.51"
  
  "@types/json-schema@*", "@types/json-schema@^7.0.8":
    "integrity" "sha512-wOuvG1SN4Us4rez+tylwwwCV1psiNVOkJeM3AUWUNWg/jDQY2+HE/444y5gc+jBmRqASOm2Oeh5c1axHobwRKQ=="
    "resolved" "https://registry.npmjs.org/@types/json-schema/-/json-schema-7.0.11.tgz"
    "version" "7.0.11"
  
  "@types/node@*", "@types/node@>= 14":
    "integrity" "sha512-p6ua9zBxz5otCmbpb5D3U4B5Nanw6Pk3PPyX05xnxbB/fRv71N7CPmORg7uAD5P70T0xmx1pzAx/FUfa5X+3cw=="
    "resolved" "https://registry.npmjs.org/@types/node/-/node-18.15.3.tgz"
    "version" "18.15.3"
  
  "@vitejs/plugin-vue@^4.1.0":
    "integrity" "sha512-++9JOAFdcXI3lyer9UKUV4rfoQ3T1RN8yDqoCLar86s0xQct5yblxAE+yWgRnU5/0FOlVCpTZpYSBV/bGWrSrQ=="
    "resolved" "https://registry.npmjs.org/@vitejs/plugin-vue/-/plugin-vue-4.1.0.tgz"
    "version" "4.1.0"
  
  "@vue/compiler-core@3.2.33":
    "integrity" "sha512-AAmr52ji3Zhk7IKIuigX2osWWsb2nQE5xsdFYjdnmtQ4gymmqXbjLvkSE174+fF3A3kstYrTgGkqgOEbsdLDpw=="
    "resolved" "https://registry.npmjs.org/@vue/compiler-core/-/compiler-core-3.2.33.tgz"
    "version" "3.2.33"
    dependencies:
      "@babel/parser" "^7.16.4"
      "@vue/shared" "3.2.33"
      "estree-walker" "^2.0.2"
      "source-map" "^0.6.1"
  
  "@vue/compiler-dom@3.2.33":
    "integrity" "sha512-GhiG1C8X98Xz9QUX/RlA6/kgPBWJkjq0Rq6//5XTAGSYrTMBgcLpP9+CnlUg1TFxnnCVughAG+KZl28XJqw8uQ=="
    "resolved" "https://registry.npmjs.org/@vue/compiler-dom/-/compiler-dom-3.2.33.tgz"
    "version" "3.2.33"
    dependencies:
      "@vue/compiler-core" "3.2.33"
      "@vue/shared" "3.2.33"
  
  "@vue/compiler-sfc@3.2.33":
    "integrity" "sha512-H8D0WqagCr295pQjUYyO8P3IejM3vEzeCO1apzByAEaAR/WimhMYczHfZVvlCE/9yBaEu/eu9RdiWr0kF8b71Q=="
    "resolved" "https://registry.npmjs.org/@vue/compiler-sfc/-/compiler-sfc-3.2.33.tgz"
    "version" "3.2.33"
    dependencies:
      "@babel/parser" "^7.16.4"
      "@vue/compiler-core" "3.2.33"
      "@vue/compiler-dom" "3.2.33"
      "@vue/compiler-ssr" "3.2.33"
      "@vue/reactivity-transform" "3.2.33"
      "@vue/shared" "3.2.33"
      "estree-walker" "^2.0.2"
      "magic-string" "^0.25.7"
      "postcss" "^8.1.10"
      "source-map" "^0.6.1"
  
  "@vue/compiler-ssr@3.2.33":
    "integrity" "sha512-XQh1Xdk3VquDpXsnoCd7JnMoWec9CfAzQDQsaMcSU79OrrO2PNR0ErlIjm/mGq3GmBfkQjzZACV+7GhfRB8xMQ=="
    "resolved" "https://registry.npmjs.org/@vue/compiler-ssr/-/compiler-ssr-3.2.33.tgz"
    "version" "3.2.33"
    dependencies:
      "@vue/compiler-dom" "3.2.33"
      "@vue/shared" "3.2.33"
  
  "@vue/devtools-api@^6.0.0", "@vue/devtools-api@^6.0.0-beta.11":
    "integrity" "sha512-o9KfBeaBmCKl10usN4crU53fYtC1r7jJwdGKjPT24t348rHxgfpZ0xL3Xm/gLUYnc0oTp8LAmrxOeLyu6tbk2Q=="
    "resolved" "https://registry.npmjs.org/@vue/devtools-api/-/devtools-api-6.5.0.tgz"
    "version" "6.5.0"
  
  "@vue/reactivity-transform@3.2.33":
    "integrity" "sha512-4UL5KOIvSQb254aqenW4q34qMXbfZcmEsV/yVidLUgvwYQQ/D21bGX3DlgPUGI3c4C+iOnNmDCkIxkILoX/Pyw=="
    "resolved" "https://registry.npmjs.org/@vue/reactivity-transform/-/reactivity-transform-3.2.33.tgz"
    "version" "3.2.33"
    dependencies:
      "@babel/parser" "^7.16.4"
      "@vue/compiler-core" "3.2.33"
      "@vue/shared" "3.2.33"
      "estree-walker" "^2.0.2"
      "magic-string" "^0.25.7"
  
  "@vue/reactivity@3.2.33":
    "integrity" "sha512-62Sq0mp9/0bLmDuxuLD5CIaMG2susFAGARLuZ/5jkU1FCf9EDbwUuF+BO8Ub3Rbodx0ziIecM/NsmyjardBxfQ=="
    "resolved" "https://registry.npmjs.org/@vue/reactivity/-/reactivity-3.2.33.tgz"
    "version" "3.2.33"
    dependencies:
      "@vue/shared" "3.2.33"
  
  "@vue/runtime-core@3.2.33":
    "integrity" "sha512-N2D2vfaXsBPhzCV3JsXQa2NECjxP3eXgZlFqKh4tgakp3iX6LCGv76DLlc+IfFZq+TW10Y8QUfeihXOupJ1dGw=="
    "resolved" "https://registry.npmjs.org/@vue/runtime-core/-/runtime-core-3.2.33.tgz"
    "version" "3.2.33"
    dependencies:
      "@vue/reactivity" "3.2.33"
      "@vue/shared" "3.2.33"
  
  "@vue/runtime-dom@3.2.33":
    "integrity" "sha512-LSrJ6W7CZTSUygX5s8aFkraDWlO6K4geOwA3quFF2O+hC3QuAMZt/0Xb7JKE3C4JD4pFwCSO7oCrZmZ0BIJUnw=="
    "resolved" "https://registry.npmjs.org/@vue/runtime-dom/-/runtime-dom-3.2.33.tgz"
    "version" "3.2.33"
    dependencies:
      "@vue/runtime-core" "3.2.33"
      "@vue/shared" "3.2.33"
      "csstype" "^2.6.8"
  
  "@vue/server-renderer@3.2.33":
    "integrity" "sha512-4jpJHRD4ORv8PlbYi+/MfP8ec1okz6rybe36MdpkDrGIdEItHEUyaHSKvz+ptNEyQpALmmVfRteHkU9F8vxOew=="
    "resolved" "https://registry.npmjs.org/@vue/server-renderer/-/server-renderer-3.2.33.tgz"
    "version" "3.2.33"
    dependencies:
      "@vue/compiler-ssr" "3.2.33"
      "@vue/shared" "3.2.33"
  
  "@vue/shared@3.2.33":
    "integrity" "sha512-UBc1Pg1T3yZ97vsA2ueER0F6GbJebLHYlEi4ou1H5YL4KWvMOOWwpYo9/QpWq93wxKG6Wo13IY74Hcn/f7c7Bg=="
    "resolved" "https://registry.npmjs.org/@vue/shared/-/shared-3.2.33.tgz"
    "version" "3.2.33"
  
  "@webassemblyjs/ast@1.11.1":
    "integrity" "sha512-ukBh14qFLjxTQNTXocdyksN5QdM28S1CxHt2rdskFyL+xFV7VremuBLVbmCePj+URalXBENx/9Lm7lnhihtCSw=="
    "resolved" "https://registry.npmjs.org/@webassemblyjs/ast/-/ast-1.11.1.tgz"
    "version" "1.11.1"
    dependencies:
      "@webassemblyjs/helper-numbers" "1.11.1"
      "@webassemblyjs/helper-wasm-bytecode" "1.11.1"
  
  "@webassemblyjs/floating-point-hex-parser@1.11.1":
    "integrity" "sha512-iGRfyc5Bq+NnNuX8b5hwBrRjzf0ocrJPI6GWFodBFzmFnyvrQ83SHKhmilCU/8Jv67i4GJZBMhEzltxzcNagtQ=="
    "resolved" "https://registry.npmjs.org/@webassemblyjs/floating-point-hex-parser/-/floating-point-hex-parser-1.11.1.tgz"
    "version" "1.11.1"
  
  "@webassemblyjs/helper-api-error@1.11.1":
    "integrity" "sha512-RlhS8CBCXfRUR/cwo2ho9bkheSXG0+NwooXcc3PAILALf2QLdFyj7KGsKRbVc95hZnhnERon4kW/D3SZpp6Tcg=="
    "resolved" "https://registry.npmjs.org/@webassemblyjs/helper-api-error/-/helper-api-error-1.11.1.tgz"
    "version" "1.11.1"
  
  "@webassemblyjs/helper-buffer@1.11.1":
    "integrity" "sha512-gwikF65aDNeeXa8JxXa2BAk+REjSyhrNC9ZwdT0f8jc4dQQeDQ7G4m0f2QCLPJiMTTO6wfDmRmj/pW0PsUvIcA=="
    "resolved" "https://registry.npmjs.org/@webassemblyjs/helper-buffer/-/helper-buffer-1.11.1.tgz"
    "version" "1.11.1"
  
  "@webassemblyjs/helper-numbers@1.11.1":
    "integrity" "sha512-vDkbxiB8zfnPdNK9Rajcey5C0w+QJugEglN0of+kmO8l7lDb77AnlKYQF7aarZuCrv+l0UvqL+68gSDr3k9LPQ=="
    "resolved" "https://registry.npmjs.org/@webassemblyjs/helper-numbers/-/helper-numbers-1.11.1.tgz"
    "version" "1.11.1"
    dependencies:
      "@webassemblyjs/floating-point-hex-parser" "1.11.1"
      "@webassemblyjs/helper-api-error" "1.11.1"
      "@xtuc/long" "4.2.2"
  
  "@webassemblyjs/helper-wasm-bytecode@1.11.1":
    "integrity" "sha512-PvpoOGiJwXeTrSf/qfudJhwlvDQxFgelbMqtq52WWiXC6Xgg1IREdngmPN3bs4RoO83PnL/nFrxucXj1+BX62Q=="
    "resolved" "https://registry.npmjs.org/@webassemblyjs/helper-wasm-bytecode/-/helper-wasm-bytecode-1.11.1.tgz"
    "version" "1.11.1"
  
  "@webassemblyjs/helper-wasm-section@1.11.1":
    "integrity" "sha512-10P9No29rYX1j7F3EVPX3JvGPQPae+AomuSTPiF9eBQeChHI6iqjMIwR9JmOJXwpnn/oVGDk7I5IlskuMwU/pg=="
    "resolved" "https://registry.npmjs.org/@webassemblyjs/helper-wasm-section/-/helper-wasm-section-1.11.1.tgz"
    "version" "1.11.1"
    dependencies:
      "@webassemblyjs/ast" "1.11.1"
      "@webassemblyjs/helper-buffer" "1.11.1"
      "@webassemblyjs/helper-wasm-bytecode" "1.11.1"
      "@webassemblyjs/wasm-gen" "1.11.1"
  
  "@webassemblyjs/ieee754@1.11.1":
    "integrity" "sha512-hJ87QIPtAMKbFq6CGTkZYJivEwZDbQUgYd3qKSadTNOhVY7p+gfP6Sr0lLRVTaG1JjFj+r3YchoqRYxNH3M0GQ=="
    "resolved" "https://registry.npmjs.org/@webassemblyjs/ieee754/-/ieee754-1.11.1.tgz"
    "version" "1.11.1"
    dependencies:
      "@xtuc/ieee754" "^1.2.0"
  
  "@webassemblyjs/leb128@1.11.1":
    "integrity" "sha512-BJ2P0hNZ0u+Th1YZXJpzW6miwqQUGcIHT1G/sf72gLVD9DZ5AdYTqPNbHZh6K1M5VmKvFXwGSWZADz+qBWxeRw=="
    "resolved" "https://registry.npmjs.org/@webassemblyjs/leb128/-/leb128-1.11.1.tgz"
    "version" "1.11.1"
    dependencies:
      "@xtuc/long" "4.2.2"
  
  "@webassemblyjs/utf8@1.11.1":
    "integrity" "sha512-9kqcxAEdMhiwQkHpkNiorZzqpGrodQQ2IGrHHxCy+Ozng0ofyMA0lTqiLkVs1uzTRejX+/O0EOT7KxqVPuXosQ=="
    "resolved" "https://registry.npmjs.org/@webassemblyjs/utf8/-/utf8-1.11.1.tgz"
    "version" "1.11.1"
  
  "@webassemblyjs/wasm-edit@1.11.1":
    "integrity" "sha512-g+RsupUC1aTHfR8CDgnsVRVZFJqdkFHpsHMfJuWQzWU3tvnLC07UqHICfP+4XyL2tnr1amvl1Sdp06TnYCmVkA=="
    "resolved" "https://registry.npmjs.org/@webassemblyjs/wasm-edit/-/wasm-edit-1.11.1.tgz"
    "version" "1.11.1"
    dependencies:
      "@webassemblyjs/ast" "1.11.1"
      "@webassemblyjs/helper-buffer" "1.11.1"
      "@webassemblyjs/helper-wasm-bytecode" "1.11.1"
      "@webassemblyjs/helper-wasm-section" "1.11.1"
      "@webassemblyjs/wasm-gen" "1.11.1"
      "@webassemblyjs/wasm-opt" "1.11.1"
      "@webassemblyjs/wasm-parser" "1.11.1"
      "@webassemblyjs/wast-printer" "1.11.1"
  
  "@webassemblyjs/wasm-gen@1.11.1":
    "integrity" "sha512-F7QqKXwwNlMmsulj6+O7r4mmtAlCWfO/0HdgOxSklZfQcDu0TpLiD1mRt/zF25Bk59FIjEuGAIyn5ei4yMfLhA=="
    "resolved" "https://registry.npmjs.org/@webassemblyjs/wasm-gen/-/wasm-gen-1.11.1.tgz"
    "version" "1.11.1"
    dependencies:
      "@webassemblyjs/ast" "1.11.1"
      "@webassemblyjs/helper-wasm-bytecode" "1.11.1"
      "@webassemblyjs/ieee754" "1.11.1"
      "@webassemblyjs/leb128" "1.11.1"
      "@webassemblyjs/utf8" "1.11.1"
  
  "@webassemblyjs/wasm-opt@1.11.1":
    "integrity" "sha512-VqnkNqnZlU5EB64pp1l7hdm3hmQw7Vgqa0KF/KCNO9sIpI6Fk6brDEiX+iCOYrvMuBWDws0NkTOxYEb85XQHHw=="
    "resolved" "https://registry.npmjs.org/@webassemblyjs/wasm-opt/-/wasm-opt-1.11.1.tgz"
    "version" "1.11.1"
    dependencies:
      "@webassemblyjs/ast" "1.11.1"
      "@webassemblyjs/helper-buffer" "1.11.1"
      "@webassemblyjs/wasm-gen" "1.11.1"
      "@webassemblyjs/wasm-parser" "1.11.1"
  
  "@webassemblyjs/wasm-parser@1.11.1":
    "integrity" "sha512-rrBujw+dJu32gYB7/Lup6UhdkPx9S9SnobZzRVL7VcBH9Bt9bCBLEuX/YXOOtBsOZ4NQrRykKhffRWHvigQvOA=="
    "resolved" "https://registry.npmjs.org/@webassemblyjs/wasm-parser/-/wasm-parser-1.11.1.tgz"
    "version" "1.11.1"
    dependencies:
      "@webassemblyjs/ast" "1.11.1"
      "@webassemblyjs/helper-api-error" "1.11.1"
      "@webassemblyjs/helper-wasm-bytecode" "1.11.1"
      "@webassemblyjs/ieee754" "1.11.1"
      "@webassemblyjs/leb128" "1.11.1"
      "@webassemblyjs/utf8" "1.11.1"
  
  "@webassemblyjs/wast-printer@1.11.1":
    "integrity" "sha512-IQboUWM4eKzWW+N/jij2sRatKMh99QEelo3Eb2q0qXkvPRISAj8Qxtmw5itwqK+TTkBuUIE45AxYPToqPtL5gg=="
    "resolved" "https://registry.npmjs.org/@webassemblyjs/wast-printer/-/wast-printer-1.11.1.tgz"
    "version" "1.11.1"
    dependencies:
      "@webassemblyjs/ast" "1.11.1"
      "@xtuc/long" "4.2.2"
  
  "@xtuc/ieee754@^1.2.0":
    "integrity" "sha512-DX8nKgqcGwsc0eJSqYt5lwP4DH5FlHnmuWWBRy7X0NcaGR0ZtuyeESgMwTYVEtxmsNGY+qit4QYT/MIYTOTPeA=="
    "resolved" "https://registry.npmjs.org/@xtuc/ieee754/-/ieee754-1.2.0.tgz"
    "version" "1.2.0"
  
  "@xtuc/long@4.2.2":
    "integrity" "sha512-NuHqBY1PB/D8xU6s/thBgOAiAP7HOYDQ32+BFZILJ8ivkUkAHQnWfn6WhL79Owj1qmUnoN/YPhktdIoucipkAQ=="
    "resolved" "https://registry.npmjs.org/@xtuc/long/-/long-4.2.2.tgz"
    "version" "4.2.2"
  
  "acorn-import-assertions@^1.7.6":
    "integrity" "sha512-m7VZ3jwz4eK6A4Vtt8Ew1/mNbP24u0FhdyfA7fSvnJR6LMdfOYnmuIrrJAgrYfYJ10F/otaHTtrtrtmHdMNzEw=="
    "resolved" "https://registry.npmjs.org/acorn-import-assertions/-/acorn-import-assertions-1.8.0.tgz"
    "version" "1.8.0"
  
  "acorn@^8", "acorn@^8.5.0", "acorn@^8.7.1":
    "integrity" "sha512-xjIYgE8HBrkpd/sJqOGNspf8uHG+NOHGOw6a/Urj8taM2EXfdNAH2oFcPeIFfsv3+kz/mJrS5VuMqbNLjCa2vw=="
    "resolved" "https://registry.npmjs.org/acorn/-/acorn-8.8.2.tgz"
    "version" "8.8.2"
  
  "ajv-keywords@^3.5.2":
    "integrity" "sha512-5p6WTN0DdTGVQk6VjcEju19IgaHudalcfabD7yhDGeA6bcQnmL+CpveLJq/3hvfwd1aof6L386Ougkx6RfyMIQ=="
    "resolved" "https://registry.npmjs.org/ajv-keywords/-/ajv-keywords-3.5.2.tgz"
    "version" "3.5.2"
  
  "ajv@^6.12.5", "ajv@^6.9.1":
    "integrity" "sha512-j3fVLgvTo527anyYyJOGTYJbG+vnnQYvE0m5mmkc1TK+nxAppkCLMIL0aZ4dblVCNoGShhm+kzE4ZUykBoMg4g=="
    "resolved" "https://registry.npmjs.org/ajv/-/ajv-6.12.6.tgz"
    "version" "6.12.6"
    dependencies:
      "fast-deep-equal" "^3.1.1"
      "fast-json-stable-stringify" "^2.0.0"
      "json-schema-traverse" "^0.4.1"
      "uri-js" "^4.2.2"
  
  "anymatch@~3.1.2":
    "integrity" "sha512-KMReFUr0B4t+D+OBkjR3KYqvocp2XaSzO55UcB6mgQMd3KbcE+mWTyvVV7D/zsdEbNnV6acZUutkiHQXvTr1Rw=="
    "resolved" "https://registry.npmjs.org/anymatch/-/anymatch-3.1.3.tgz"
    "version" "3.1.3"
    dependencies:
      "normalize-path" "^3.0.0"
      "picomatch" "^2.0.4"
  
  "asynckit@^0.4.0":
    "integrity" "sha512-Oei9OH4tRh0YqU3GxhX79dM/mwVgvbZJaSNaRk+bshkj0S5cfHcgYakreBjrHwatXKbz+IoIdYLxrKim2MjW0Q=="
    "resolved" "https://registry.npmjs.org/asynckit/-/asynckit-0.4.0.tgz"
    "version" "0.4.0"
  
  "axios@^1.3.4":
    "integrity" "sha512-toYm+Bsyl6VC5wSkfkbbNB6ROv7KY93PEBBL6xyDczaIHasAiv4wPqQ/c4RjoQzipxRD2W5g21cOqQulZ7rHwQ=="
    "resolved" "https://registry.npmjs.org/axios/-/axios-1.3.4.tgz"
    "version" "1.3.4"
    dependencies:
      "follow-redirects" "^1.15.0"
      "form-data" "^4.0.0"
      "proxy-from-env" "^1.1.0"
  
  "binary-extensions@^2.0.0":
    "integrity" "sha512-jDctJ/IVQbZoJykoeHbhXpOlNBqGNcwXJKJog42E5HDPUwQTSdjCHdihjj0DlnheQ7blbT6dHOafNAiS8ooQKA=="
    "resolved" "https://registry.npmjs.org/binary-extensions/-/binary-extensions-2.2.0.tgz"
    "version" "2.2.0"
  
  "boolbase@^1.0.0":
    "integrity" "sha512-JZOSA7Mo9sNGB8+UjSgzdLtokWAky1zbztM3WRLCbZ70/3cTANmQmOdR7y2g+J0e2WXywy1yS468tY+IruqEww=="
    "resolved" "https://registry.npmjs.org/boolbase/-/boolbase-1.0.0.tgz"
    "version" "1.0.0"
  
  "braces@^3.0.2", "braces@~3.0.2":
    "integrity" "sha512-b8um+L1RzM3WDSzvhm6gIz1yfTbBt6YTlcEKAvsmqCZZFw46z626lVj9j1yEPW33H5H+lBQpZMP1k8l+78Ha0A=="
    "resolved" "https://registry.npmjs.org/braces/-/braces-3.0.2.tgz"
    "version" "3.0.2"
    dependencies:
      "fill-range" "^7.0.1"
  
  "browserslist@^4.0.0", "browserslist@^4.14.5", "browserslist@^4.21.4", "browserslist@>= 4.21.0":
    "integrity" "sha512-tUkiguQGW7S3IhB7N+c2MV/HZPSCPAAiYBZXLsBhFB/PCy6ZKKsZrmBayHV9fdGV/ARIfJ14NkxKzRDjvp7L6w=="
    "resolved" "https://registry.npmjs.org/browserslist/-/browserslist-4.21.5.tgz"
    "version" "4.21.5"
    dependencies:
      "caniuse-lite" "^1.0.30001449"
      "electron-to-chromium" "^1.4.284"
      "node-releases" "^2.0.8"
      "update-browserslist-db" "^1.0.10"
  
  "buffer-from@^1.0.0":
    "integrity" "sha512-E+XQCRwSbaaiChtv6k6Dwgc+bx+Bs6vuKJHHl5kox/BaKbhiXzqQOwK4cO22yElGp2OCmjwVhT3HmxgyPGnJfQ=="
    "resolved" "https://registry.npmjs.org/buffer-from/-/buffer-from-1.1.2.tgz"
    "version" "1.1.2"
  
  "call-bind@^1.0.2":
    "integrity" "sha512-7O+FbCihrB5WGbFYesctwmTKae6rOiIzmz1icreWJ+0aA7LJfuqhEso2T9ncpcFtzMQtzXf2QGGueWJGTYsqrA=="
    "resolved" "https://registry.npmjs.org/call-bind/-/call-bind-1.0.2.tgz"
    "version" "1.0.2"
    dependencies:
      "function-bind" "^1.1.1"
      "get-intrinsic" "^1.0.2"
  
  "caniuse-api@^3.0.0":
    "integrity" "sha512-bsTwuIg/BZZK/vreVTYYbSWoe2F+71P7K5QGEX+pT250DZbfU1MQ5prOKpPR+LL6uWKK3KMwMCAS74QB3Um1uw=="
    "resolved" "https://registry.npmjs.org/caniuse-api/-/caniuse-api-3.0.0.tgz"
    "version" "3.0.0"
    dependencies:
      "browserslist" "^4.0.0"
      "caniuse-lite" "^1.0.0"
      "lodash.memoize" "^4.1.2"
      "lodash.uniq" "^4.5.0"
  
  "caniuse-lite@^1.0.0", "caniuse-lite@^1.0.30001449":
    "integrity" "sha512-cEdN/5e+RPikvl9AHm4uuLXxeCNq8rFsQ+lPHTfe/OtypP3WwnVVbjn+6uBV7PaFL6xUFzTh+sSCOz1rKhcO+Q=="
    "resolved" "https://registry.npmjs.org/caniuse-lite/-/caniuse-lite-1.0.30001467.tgz"
    "version" "1.0.30001467"
  
  "chokidar@>=3.0.0 <4.0.0":
    "integrity" "sha512-Dr3sfKRP6oTcjf2JmUmFJfeVMvXBdegxB0iVQ5eb2V10uFJUCAS8OByZdVAyVb8xXNz3GjjTgj9kLWsZTqE6kw=="
    "resolved" "https://registry.npmjs.org/chokidar/-/chokidar-3.5.3.tgz"
    "version" "3.5.3"
    dependencies:
      "anymatch" "~3.1.2"
      "braces" "~3.0.2"
      "glob-parent" "~5.1.2"
      "is-binary-path" "~2.1.0"
      "is-glob" "~4.0.1"
      "normalize-path" "~3.0.0"
      "readdirp" "~3.6.0"
    optionalDependencies:
      "fsevents" "~2.3.2"
  
  "chrome-trace-event@^1.0.2":
    "integrity" "sha512-p3KULyQg4S7NIHixdwbGX+nFHkoBiA4YQmyWtjb8XngSKV124nJmRysgAeujbUVb15vh+RvFUfCPqU7rXk+hZg=="
    "resolved" "https://registry.npmjs.org/chrome-trace-event/-/chrome-trace-event-1.0.3.tgz"
    "version" "1.0.3"
  
  "clone@^2.1.1":
    "integrity" "sha512-3Pe/CF1Nn94hyhIYpjtiLhdCoEoz0DqQ+988E9gmeEdQZlojxnOb74wctFyuwWQHzqyf9X7C7MG8juUpqBJT8w=="
    "resolved" "https://registry.npmjs.org/clone/-/clone-2.1.2.tgz"
    "version" "2.1.2"
  
  "colord@^2.9.1":
    "integrity" "sha512-jeC1axXpnb0/2nn/Y1LPuLdgXBLH7aDcHu4KEKfqw3CUhX7ZpfBSlPKyqXE6btIgEzfWtrX3/tyBCaCvXvMkOw=="
    "resolved" "https://registry.npmjs.org/colord/-/colord-2.9.3.tgz"
    "version" "2.9.3"
  
  "combined-stream@^1.0.8":
    "integrity" "sha512-FQN4MRfuJeHf7cBbBMJFXhKSDq+2kAArBlmRBvcvFE5BB1HZKXtSFASDhdlz9zOYwxh8lDdnvmMOe/+5cdoEdg=="
    "resolved" "https://registry.npmjs.org/combined-stream/-/combined-stream-1.0.8.tgz"
    "version" "1.0.8"
    dependencies:
      "delayed-stream" "~1.0.0"
  
  "commander@^2.20.0":
    "integrity" "sha512-GpVkmM8vF2vQUkj2LvZmD35JxeJOLCwJ9cUkugyk2nuhbv3+mJvpLYYt+0+USMxE+oj+ey/lJEnhZw75x/OMcQ=="
    "resolved" "https://registry.npmjs.org/commander/-/commander-2.20.3.tgz"
    "version" "2.20.3"
  
  "commander@^7.2.0":
    "integrity" "sha512-QrWXB+ZQSVPmIWIhtEO9H+gwHaMGYiF5ChvoJ+K9ZGHG/sVsa6yiesAD1GC/x46sET00Xlwo1u49RVVVzvcSkw=="
    "resolved" "https://registry.npmjs.org/commander/-/commander-7.2.0.tgz"
    "version" "7.2.0"
  
  "core-js@^3.6.5":
    "integrity" "sha512-lqufgNn9NLnESg5mQeYsxQP5w7wrViSj0jr/kv6ECQiByzQkrn1MKvV0L3acttpDqfQrHLwr2KCMgX5b8X+lyQ=="
    "resolved" "https://registry.npmjs.org/core-js/-/core-js-3.32.1.tgz"
    "version" "3.32.1"
  
  "css-declaration-sorter@^6.3.1":
    "integrity" "sha512-fBffmak0bPAnyqc/HO8C3n2sHrp9wcqQz6ES9koRF2/mLOVAx9zIQ3Y7R29sYCteTPqMCwns4WYQoCX91Xl3+w=="
    "resolved" "https://registry.npmjs.org/css-declaration-sorter/-/css-declaration-sorter-6.3.1.tgz"
    "version" "6.3.1"
  
  "css-select@^4.1.3":
    "integrity" "sha512-wPpOYtnsVontu2mODhA19JrqWxNsfdatRKd64kmpRbQgh1KtItko5sTnEpPdpSaJszTOhEMlF/RPz28qj4HqhQ=="
    "resolved" "https://registry.npmjs.org/css-select/-/css-select-4.3.0.tgz"
    "version" "4.3.0"
    dependencies:
      "boolbase" "^1.0.0"
      "css-what" "^6.0.1"
      "domhandler" "^4.3.1"
      "domutils" "^2.8.0"
      "nth-check" "^2.0.1"
  
  "css-tree@^1.1.2", "css-tree@^1.1.3":
    "integrity" "sha512-tRpdppF7TRazZrjJ6v3stzv93qxRcSsFmW6cX0Zm2NVKpxE1WV1HblnghVv9TreireHkqI/VDEsfolRF1p6y7Q=="
    "resolved" "https://registry.npmjs.org/css-tree/-/css-tree-1.1.3.tgz"
    "version" "1.1.3"
    dependencies:
      "mdn-data" "2.0.14"
      "source-map" "^0.6.1"
  
  "css-what@^6.0.1":
    "integrity" "sha512-HTUrgRJ7r4dsZKU6GjmpfRK1O76h97Z8MfS1G0FozR+oF2kG6Vfe8JE6zwrkbxigziPHinCJ+gCPjA9EaBDtRw=="
    "resolved" "https://registry.npmjs.org/css-what/-/css-what-6.1.0.tgz"
    "version" "6.1.0"
  
  "cssesc@^3.0.0":
    "integrity" "sha512-/Tb/JcjK111nNScGob5MNtsntNM1aCNUDipB/TkwZFhyDrrE47SOx/18wF2bbjgc3ZzCSKW1T5nt5EbFoAz/Vg=="
    "resolved" "https://registry.npmjs.org/cssesc/-/cssesc-3.0.0.tgz"
    "version" "3.0.0"
  
  "cssnano-preset-default@^5.2.14":
    "integrity" "sha512-t0SFesj/ZV2OTylqQVOrFgEh5uanxbO6ZAdeCrNsUQ6fVuXwYTxJPNAGvGTxHbD68ldIJNec7PyYZDBrfDQ+6A=="
    "resolved" "https://registry.npmjs.org/cssnano-preset-default/-/cssnano-preset-default-5.2.14.tgz"
    "version" "5.2.14"
    dependencies:
      "css-declaration-sorter" "^6.3.1"
      "cssnano-utils" "^3.1.0"
      "postcss-calc" "^8.2.3"
      "postcss-colormin" "^5.3.1"
      "postcss-convert-values" "^5.1.3"
      "postcss-discard-comments" "^5.1.2"
      "postcss-discard-duplicates" "^5.1.0"
      "postcss-discard-empty" "^5.1.1"
      "postcss-discard-overridden" "^5.1.0"
      "postcss-merge-longhand" "^5.1.7"
      "postcss-merge-rules" "^5.1.4"
      "postcss-minify-font-values" "^5.1.0"
      "postcss-minify-gradients" "^5.1.1"
      "postcss-minify-params" "^5.1.4"
      "postcss-minify-selectors" "^5.2.1"
      "postcss-normalize-charset" "^5.1.0"
      "postcss-normalize-display-values" "^5.1.0"
      "postcss-normalize-positions" "^5.1.1"
      "postcss-normalize-repeat-style" "^5.1.1"
      "postcss-normalize-string" "^5.1.0"
      "postcss-normalize-timing-functions" "^5.1.0"
      "postcss-normalize-unicode" "^5.1.1"
      "postcss-normalize-url" "^5.1.0"
      "postcss-normalize-whitespace" "^5.1.1"
      "postcss-ordered-values" "^5.1.3"
      "postcss-reduce-initial" "^5.1.2"
      "postcss-reduce-transforms" "^5.1.0"
      "postcss-svgo" "^5.1.0"
      "postcss-unique-selectors" "^5.1.1"
  
  "cssnano-utils@^3.1.0":
    "integrity" "sha512-JQNR19/YZhz4psLX/rQ9M83e3z2Wf/HdJbryzte4a3NSuafyp9w/I4U+hx5C2S9g41qlstH7DEWnZaaj83OuEA=="
    "resolved" "https://registry.npmjs.org/cssnano-utils/-/cssnano-utils-3.1.0.tgz"
    "version" "3.1.0"
  
  "cssnano@^5.1.14":
    "integrity" "sha512-j+BKgDcLDQA+eDifLx0EO4XSA56b7uut3BQFH+wbSaSTuGLuiyTa/wbRYthUXX8LC9mLg+WWKe8h+qJuwTAbHw=="
    "resolved" "https://registry.npmjs.org/cssnano/-/cssnano-5.1.15.tgz"
    "version" "5.1.15"
    dependencies:
      "cssnano-preset-default" "^5.2.14"
      "lilconfig" "^2.0.3"
      "yaml" "^1.10.2"
  
  "csso@^4.2.0":
    "integrity" "sha512-wvlcdIbf6pwKEk7vHj8/Bkc0B4ylXZruLvOgs9doS5eOsOpuodOV2zJChSpkp+pRpYQLQMeF04nr3Z68Sta9jA=="
    "resolved" "https://registry.npmjs.org/csso/-/csso-4.2.0.tgz"
    "version" "4.2.0"
    dependencies:
      "css-tree" "^1.1.2"
  
  "csstype@^2.6.8":
    "integrity" "sha512-Z1PhmomIfypOpoMjRQB70jfvy/wxT50qW08YXO5lMIJkrdq4yOTR+AW7FqutScmB9NkLwxo+jU+kZLbofZZq/w=="
    "resolved" "https://registry.npmjs.org/csstype/-/csstype-2.6.21.tgz"
    "version" "2.6.21"
  
  "debug@^4.3.4":
    "integrity" "sha512-PRWFHuSU3eDtQJPvnNY7Jcket1j0t5OuOsFzPPzsekD52Zl8qUfFIPEiswXqIvHWGVHOgX+7G/vCNNhehwxfkQ=="
    "resolved" "https://registry.npmjs.org/debug/-/debug-4.3.4.tgz"
    "version" "4.3.4"
    dependencies:
      "ms" "2.1.2"
  
  "deep-equal@^1.0.1":
    "integrity" "sha512-yd9c5AdiqVcR+JjcwUQb9DkhJc8ngNr0MahEBGvDiJw8puWab2yZlh+nkasOnZP+EGTAP6rRp2JzJhJZzvNF8g=="
    "resolved" "https://registry.npmjs.org/deep-equal/-/deep-equal-1.1.1.tgz"
    "version" "1.1.1"
    dependencies:
      "is-arguments" "^1.0.4"
      "is-date-object" "^1.0.1"
      "is-regex" "^1.0.4"
      "object-is" "^1.0.1"
      "object-keys" "^1.1.1"
      "regexp.prototype.flags" "^1.2.0"
  
  "deepmerge@^4.3.1":
    "integrity" "sha512-3sUqbMEc77XqpdNO7FRyRog+eW3ph+GYCbj+rK+uYyRMuwsVy0rMiVtPn+QJlKFvWP/1PYpapqYn0Me2knFn+A=="
    "resolved" "https://registry.npmjs.org/deepmerge/-/deepmerge-4.3.1.tgz"
    "version" "4.3.1"
  
  "define-properties@^1.1.3", "define-properties@^1.2.0":
    "integrity" "sha512-xvqAVKGfT1+UAvPwKTVw/njhdQ8ZhXK4lI0bCIuCMrp2up9nPnaDftrLtmpTazqd1o+UY4zgzU+avtMbDP+ldA=="
    "resolved" "https://registry.npmjs.org/define-properties/-/define-properties-1.2.0.tgz"
    "version" "1.2.0"
    dependencies:
      "has-property-descriptors" "^1.0.0"
      "object-keys" "^1.1.1"
  
  "delayed-stream@~1.0.0":
    "integrity" "sha512-ZySD7Nf91aLB0RxL4KGrKHBXl7Eds1DAmEdcoVawXnLD7SDhpNgtuII2aAkg7a7QS41jxPSZ17p4VdGnMHk3MQ=="
    "resolved" "https://registry.npmjs.org/delayed-stream/-/delayed-stream-1.0.0.tgz"
    "version" "1.0.0"
  
  "dom-serializer@^1.0.1":
    "integrity" "sha512-VHwB3KfrcOOkelEG2ZOfxqLZdfkil8PtJi4P8N2MMXucZq2yLp75ClViUlOVwyoHEDjYU433Aq+5zWP61+RGag=="
    "resolved" "https://registry.npmjs.org/dom-serializer/-/dom-serializer-1.4.1.tgz"
    "version" "1.4.1"
    dependencies:
      "domelementtype" "^2.0.1"
      "domhandler" "^4.2.0"
      "entities" "^2.0.0"
  
  "domelementtype@^2.0.1", "domelementtype@^2.2.0":
    "integrity" "sha512-OLETBj6w0OsagBwdXnPdN0cnMfF9opN69co+7ZrbfPGrdpPVNBUj02spi6B1N7wChLQiPn4CSH/zJvXw56gmHw=="
    "resolved" "https://registry.npmjs.org/domelementtype/-/domelementtype-2.3.0.tgz"
    "version" "2.3.0"
  
  "domhandler@^4.2.0", "domhandler@^4.3.1":
    "integrity" "sha512-GrwoxYN+uWlzO8uhUXRl0P+kHE4GtVPfYzVLcUxPL7KNdHKj66vvlhiweIHqYYXWlw+T8iLMp42Lm67ghw4WMQ=="
    "resolved" "https://registry.npmjs.org/domhandler/-/domhandler-4.3.1.tgz"
    "version" "4.3.1"
    dependencies:
      "domelementtype" "^2.2.0"
  
  "domutils@^2.8.0":
    "integrity" "sha512-w96Cjofp72M5IIhpjgobBimYEfoPjx1Vx0BSX9P30WBdZW2WIKU0T1Bd0kz2eNZ9ikjKgHbEyKx8BB6H1L3h3A=="
    "resolved" "https://registry.npmjs.org/domutils/-/domutils-2.8.0.tgz"
    "version" "2.8.0"
    dependencies:
      "dom-serializer" "^1.0.1"
      "domelementtype" "^2.2.0"
      "domhandler" "^4.2.0"
  
  "electron-to-chromium@^1.4.284":
    "integrity" "sha512-YyE8+GKyGtPEP1/kpvqsdhD6rA/TP1DUFDN4uiU/YI52NzDxmwHkEb3qjId8hLBa5siJvG0sfC3O66501jMruQ=="
    "resolved" "https://registry.npmjs.org/electron-to-chromium/-/electron-to-chromium-1.4.333.tgz"
    "version" "1.4.333"
  
  "enhanced-resolve@^5.10.0":
    "integrity" "sha512-QHTXI/sZQmko1cbDoNAa3mJ5qhWUUNAq3vR0/YiD379fWQrcfuoX1+HW2S0MTt7XmoPLapdaDKUtelUSPic7hQ=="
    "resolved" "https://registry.npmjs.org/enhanced-resolve/-/enhanced-resolve-5.12.0.tgz"
    "version" "5.12.0"
    dependencies:
      "graceful-fs" "^4.2.4"
      "tapable" "^2.2.0"
  
  "entities@^2.0.0":
    "integrity" "sha512-p92if5Nz619I0w+akJrLZH0MX0Pb5DX39XOwQTtXSdQQOaYH03S1uIQp4mhOZtAXrxq4ViO67YTiLBo2638o9A=="
    "resolved" "https://registry.npmjs.org/entities/-/entities-2.2.0.tgz"
    "version" "2.2.0"
  
  "es-module-lexer@^0.9.0":
    "integrity" "sha512-1HQ2M2sPtxwnvOvT1ZClHyQDiggdNjURWpY2we6aMKCQiUVxTmVs2UYPLIrD84sS+kMdUwfBSylbJPwNnBrnHQ=="
    "resolved" "https://registry.npmjs.org/es-module-lexer/-/es-module-lexer-0.9.3.tgz"
    "version" "0.9.3"
  
  "esbuild@^0.18.10":
    "integrity" "sha512-ceqxoedUrcayh7Y7ZX6NdbbDzGROiyVBgC4PriJThBKSVPWnnFHZAkfI1lJT8QFkOwH4qOS2SJkS4wvpGl8BpA=="
    "resolved" "https://registry.npmjs.org/esbuild/-/esbuild-0.18.20.tgz"
    "version" "0.18.20"
    optionalDependencies:
      "@esbuild/android-arm" "0.18.20"
      "@esbuild/android-arm64" "0.18.20"
      "@esbuild/android-x64" "0.18.20"
      "@esbuild/darwin-arm64" "0.18.20"
      "@esbuild/darwin-x64" "0.18.20"
      "@esbuild/freebsd-arm64" "0.18.20"
      "@esbuild/freebsd-x64" "0.18.20"
      "@esbuild/linux-arm" "0.18.20"
      "@esbuild/linux-arm64" "0.18.20"
      "@esbuild/linux-ia32" "0.18.20"
      "@esbuild/linux-loong64" "0.18.20"
      "@esbuild/linux-mips64el" "0.18.20"
      "@esbuild/linux-ppc64" "0.18.20"
      "@esbuild/linux-riscv64" "0.18.20"
      "@esbuild/linux-s390x" "0.18.20"
      "@esbuild/linux-x64" "0.18.20"
      "@esbuild/netbsd-x64" "0.18.20"
      "@esbuild/openbsd-x64" "0.18.20"
      "@esbuild/sunos-x64" "0.18.20"
      "@esbuild/win32-arm64" "0.18.20"
      "@esbuild/win32-ia32" "0.18.20"
      "@esbuild/win32-x64" "0.18.20"
  
  "escalade@^3.1.1":
    "integrity" "sha512-k0er2gUkLf8O0zKJiAhmkTnJlTvINGv7ygDNPbeIsX/TJjGJZHuh9B2UxbsaEkmlEo9MfhrSzmhIlhRlI2GXnw=="
    "resolved" "https://registry.npmjs.org/escalade/-/escalade-3.1.1.tgz"
    "version" "3.1.1"
  
  "eslint-scope@5.1.1":
    "integrity" "sha512-2NxwbF/hZ0KpepYN0cNbo+FN6XoK7GaHlQhgx/hIZl6Va0bF45RQOOwhLIy8lQDbuCiadSLCBnH2CFYquit5bw=="
    "resolved" "https://registry.npmjs.org/eslint-scope/-/eslint-scope-5.1.1.tgz"
    "version" "5.1.1"
    dependencies:
      "esrecurse" "^4.3.0"
      "estraverse" "^4.1.1"
  
  "esrecurse@^4.3.0":
    "integrity" "sha512-KmfKL3b6G+RXvP8N1vr3Tq1kL/oCFgn2NYXEtqP8/L3pKapUA4G8cFVaoF3SU323CD4XypR/ffioHmkti6/Tag=="
    "resolved" "https://registry.npmjs.org/esrecurse/-/esrecurse-4.3.0.tgz"
    "version" "4.3.0"
    dependencies:
      "estraverse" "^5.2.0"
  
  "estraverse@^4.1.1":
    "integrity" "sha512-39nnKffWz8xN1BU/2c79n9nB9HDzo0niYUqx6xyqUnyoAnQyyWpOTdZEeiCch8BBu515t4wp9ZmgVfVhn9EBpw=="
    "resolved" "https://registry.npmjs.org/estraverse/-/estraverse-4.3.0.tgz"
    "version" "4.3.0"
  
  "estraverse@^5.2.0":
    "integrity" "sha512-MMdARuVEQziNTeJD8DgMqmhwR11BRQ/cBP+pLtYdSTnf3MIO8fFeiINEbX36ZdNlfU/7A9f3gUw49B3oQsvwBA=="
    "resolved" "https://registry.npmjs.org/estraverse/-/estraverse-5.3.0.tgz"
    "version" "5.3.0"
  
  "estree-walker@^2.0.2":
    "integrity" "sha512-Rfkk/Mp/DL7JVje3u18FxFujQlTNR2q6QfMSMB7AvCBx91NGj/ba3kCfza0f6dVDbw7YlRf/nDrn7pQrCCyQ/w=="
    "resolved" "https://registry.npmjs.org/estree-walker/-/estree-walker-2.0.2.tgz"
    "version" "2.0.2"
  
  "eventemitter3@^2.0.3":
    "integrity" "sha512-jLN68Dx5kyFHaePoXWPsCGW5qdyZQtLYHkxkg02/Mz6g0kYpDx4FyP6XfArhQdlOC4b8Mv+EMxPo/8La7Tzghg=="
    "resolved" "https://registry.npmjs.org/eventemitter3/-/eventemitter3-2.0.3.tgz"
    "version" "2.0.3"
  
  "events@^3.2.0":
    "integrity" "sha512-mQw+2fkQbALzQ7V0MY0IqdnXNOeTtP4r0lN9z7AAawCXgqea7bDii20AYrIBrFd/Hx0M2Ocz6S111CaFkUcb0Q=="
    "resolved" "https://registry.npmjs.org/events/-/events-3.3.0.tgz"
    "version" "3.3.0"
  
  "extend@^3.0.2":
    "integrity" "sha512-fjquC59cD7CyW6urNXK0FBufkZcoiGG80wTuPujX590cB5Ttln20E2UB4S/WARVqhXffZl2LNgS+gQdPIIim/g=="
    "resolved" "https://registry.npmjs.org/extend/-/extend-3.0.2.tgz"
    "version" "3.0.2"
  
  "fast-deep-equal@^3.1.1":
    "integrity" "sha512-f3qQ9oQy9j2AhBe/H9VC91wLmKBCCU/gDOnKNAYG5hswO7BLKj09Hc5HYNz9cGI++xlpDCIgDaitVs03ATR84Q=="
    "resolved" "https://registry.npmjs.org/fast-deep-equal/-/fast-deep-equal-3.1.3.tgz"
    "version" "3.1.3"
  
  "fast-diff@1.1.2":
    "integrity" "sha512-KaJUt+M9t1qaIteSvjc6P3RbMdXsNhK61GRftR6SNxqmhthcd9MGIi4T+o0jD8LUSpSnSKXE20nLtJ3fOHxQig=="
    "resolved" "https://registry.npmjs.org/fast-diff/-/fast-diff-1.1.2.tgz"
    "version" "1.1.2"
  
  "fast-glob@^3.2.12":
    "integrity" "sha512-DVj4CQIYYow0BlaelwK1pHl5n5cRSJfM60UA0zK891sVInoPri2Ekj7+e1CT3/3qxXenpI+nBBmQAcJPJgaj4w=="
    "resolved" "https://registry.npmjs.org/fast-glob/-/fast-glob-3.2.12.tgz"
    "version" "3.2.12"
    dependencies:
      "@nodelib/fs.stat" "^2.0.2"
      "@nodelib/fs.walk" "^1.2.3"
      "glob-parent" "^5.1.2"
      "merge2" "^1.3.0"
      "micromatch" "^4.0.4"
  
  "fast-json-stable-stringify@^2.0.0":
    "integrity" "sha512-lhd/wF+Lk98HZoTCtlVraHtfh5XYijIjalXck7saUtuanSDyLMxnHhSXEDJqHxD7msR8D0uCmqlkwjCV8xvwHw=="
    "resolved" "https://registry.npmjs.org/fast-json-stable-stringify/-/fast-json-stable-stringify-2.1.0.tgz"
    "version" "2.1.0"
  
  "fastq@^1.6.0":
    "integrity" "sha512-wBrocU2LCXXa+lWBt8RoIRD89Fi8OdABODa/kEnyeyjS5aZO5/GNvI5sEINADqP/h8M29UHTHUb53sUu5Ihqdw=="
    "resolved" "https://registry.npmjs.org/fastq/-/fastq-1.15.0.tgz"
    "version" "1.15.0"
    dependencies:
      "reusify" "^1.0.4"
  
  "fill-range@^7.0.1":
    "integrity" "sha512-qOo9F+dMUmC2Lcb4BbVvnKJxTPjCm+RRpe4gDuGrzkL7mEVl/djYSu2OdQ2Pa302N4oqkSg9ir6jaLWJ2USVpQ=="
    "resolved" "https://registry.npmjs.org/fill-range/-/fill-range-7.0.1.tgz"
    "version" "7.0.1"
    dependencies:
      "to-regex-range" "^5.0.1"
  
  "follow-redirects@^1.15.0":
    "integrity" "sha512-VQLG33o04KaQ8uYi2tVNbdrWp1QWxNNea+nmIB4EVM28v0hmP17z7aG1+wAkNzVq4KeXTq3221ye5qTJP91JwA=="
    "resolved" "https://registry.npmjs.org/follow-redirects/-/follow-redirects-1.15.2.tgz"
    "version" "1.15.2"
  
  "form-data@^4.0.0":
    "integrity" "sha512-ETEklSGi5t0QMZuiXoA/Q6vcnxcLQP5vdugSpuAyi6SVGi2clPPp+xgEhuMaHC+zGgn31Kd235W35f7Hykkaww=="
    "resolved" "https://registry.npmjs.org/form-data/-/form-data-4.0.0.tgz"
    "version" "4.0.0"
    dependencies:
      "asynckit" "^0.4.0"
      "combined-stream" "^1.0.8"
      "mime-types" "^2.1.12"
  
  "fsevents@~2.3.2":
    "integrity" "sha512-5xoDfX+fL7faATnagmWPpbFtwh/R77WmMMqqHGS65C3vvB0YHrgF+B1YmZ3441tMj5n63k0212XNoJwzlhffQw=="
    "resolved" "https://registry.npmjs.org/fsevents/-/fsevents-2.3.3.tgz"
    "version" "2.3.3"
  
  "function-bind@^1.1.1":
    "integrity" "sha512-yIovAzMX49sF8Yl58fSCWJ5svSLuaibPxXQJFLmBObTuCr0Mf1KiPopGM9NiFjiYBCbfaa2Fh6breQ6ANVTI0A=="
    "resolved" "https://registry.npmjs.org/function-bind/-/function-bind-1.1.1.tgz"
    "version" "1.1.1"
  
  "functions-have-names@^1.2.3":
    "integrity" "sha512-xckBUXyTIqT97tq2x2AMb+g163b5JFysYk0x4qxNFwbfQkmNZoiRHb6sPzI9/QV33WeuvVYBUIiD4NzNIyqaRQ=="
    "resolved" "https://registry.npmjs.org/functions-have-names/-/functions-have-names-1.2.3.tgz"
    "version" "1.2.3"
  
  "get-intrinsic@^1.0.2", "get-intrinsic@^1.1.1":
    "integrity" "sha512-2DcsyfABl+gVHEfCOaTrWgyt+tb6MSEGmKq+kI5HwLbIYgjgmMcV8KQ41uaKz1xxUcn9tJtgFbQUEVcEbd0FYw=="
    "resolved" "https://registry.npmjs.org/get-intrinsic/-/get-intrinsic-1.2.1.tgz"
    "version" "1.2.1"
    dependencies:
      "function-bind" "^1.1.1"
      "has" "^1.0.3"
      "has-proto" "^1.0.1"
      "has-symbols" "^1.0.3"
  
  "glob-parent@^5.1.2", "glob-parent@~5.1.2":
    "integrity" "sha512-AOIgSQCepiJYwP3ARnGx+5VnTu2HBYdzbGP45eLw1vr3zB3vZLeyed1sC9hnbcOc9/SrMyM5RPQrkGz4aS9Zow=="
    "resolved" "https://registry.npmjs.org/glob-parent/-/glob-parent-5.1.2.tgz"
    "version" "5.1.2"
    dependencies:
      "is-glob" "^4.0.1"
  
  "glob-to-regexp@^0.4.1":
    "integrity" "sha512-lkX1HJXwyMcprw/5YUZc2s7DrpAiHB21/V+E1rHUrVNokkvB6bqMzT0VfV6/86ZNabt1k14YOIaT7nDvOX3Iiw=="
    "resolved" "https://registry.npmjs.org/glob-to-regexp/-/glob-to-regexp-0.4.1.tgz"
    "version" "0.4.1"
  
  "graceful-fs@^4.1.2", "graceful-fs@^4.2.4", "graceful-fs@^4.2.9":
    "integrity" "sha512-RbJ5/jmFcNNCcDV5o9eTnBLJ/HszWV0P73bc+Ff4nS/rJj+YaS6IGyiOL0VoBYX+l1Wrl3k63h/KrH+nhJ0XvQ=="
    "resolved" "https://registry.npmjs.org/graceful-fs/-/graceful-fs-4.2.11.tgz"
    "version" "4.2.11"
  
  "has-flag@^4.0.0":
    "integrity" "sha512-EykJT/Q1KjTWctppgIAgfSO0tKVuZUjhgMr17kqTumMl6Afv3EISleU7qZUzoXDFTAHTDC4NOoG/ZxU3EvlMPQ=="
    "resolved" "https://registry.npmjs.org/has-flag/-/has-flag-4.0.0.tgz"
    "version" "4.0.0"
  
  "has-property-descriptors@^1.0.0":
    "integrity" "sha512-62DVLZGoiEBDHQyqG4w9xCuZ7eJEwNmJRWw2VY84Oedb7WFcA27fiEVe8oUQx9hAUJ4ekurquucTGwsyO1XGdQ=="
    "resolved" "https://registry.npmjs.org/has-property-descriptors/-/has-property-descriptors-1.0.0.tgz"
    "version" "1.0.0"
    dependencies:
      "get-intrinsic" "^1.1.1"
  
  "has-proto@^1.0.1":
    "integrity" "sha512-7qE+iP+O+bgF9clE5+UoBFzE65mlBiVj3tKCrlNQ0Ogwm0BjpT/gK4SlLYDMybDh5I3TCTKnPPa0oMG7JDYrhg=="
    "resolved" "https://registry.npmjs.org/has-proto/-/has-proto-1.0.1.tgz"
    "version" "1.0.1"
  
  "has-symbols@^1.0.2", "has-symbols@^1.0.3":
    "integrity" "sha512-l3LCuF6MgDNwTDKkdYGEihYjt5pRPbEg46rtlmnSPlUbgmB8LOIrKJbYYFBSbnPaJexMKtiPO8hmeRjRz2Td+A=="
    "resolved" "https://registry.npmjs.org/has-symbols/-/has-symbols-1.0.3.tgz"
    "version" "1.0.3"
  
  "has-tostringtag@^1.0.0":
    "integrity" "sha512-kFjcSNhnlGV1kyoGk7OXKSawH5JOb/LzUc5w9B02hOTO0dfFRjbHQKvg1d6cf3HbeUmtU9VbbV3qzZ2Teh97WQ=="
    "resolved" "https://registry.npmjs.org/has-tostringtag/-/has-tostringtag-1.0.0.tgz"
    "version" "1.0.0"
    dependencies:
      "has-symbols" "^1.0.2"
  
  "has@^1.0.3":
    "integrity" "sha512-f2dvO0VU6Oej7RkWJGrehjbzMAjFp5/VKPp5tTpWIV4JHHZK1/BxbFRtf/siA2SWTe09caDmVtYYzWEIbBS4zw=="
    "resolved" "https://registry.npmjs.org/has/-/has-1.0.3.tgz"
    "version" "1.0.3"
    dependencies:
      "function-bind" "^1.1.1"
  
  "is-arguments@^1.0.4":
    "integrity" "sha512-8Q7EARjzEnKpt/PCD7e1cgUS0a6X8u5tdSiMqXhojOdoV9TsMsiO+9VLC5vAmO8N7/GmXn7yjR8qnA6bVAEzfA=="
    "resolved" "https://registry.npmjs.org/is-arguments/-/is-arguments-1.1.1.tgz"
    "version" "1.1.1"
    dependencies:
      "call-bind" "^1.0.2"
      "has-tostringtag" "^1.0.0"
  
  "is-binary-path@~2.1.0":
    "integrity" "sha512-ZMERYes6pDydyuGidse7OsHxtbI7WVeUEozgR/g7rd0xUimYNlvZRE/K2MgZTjWy725IfelLeVcEM97mmtRGXw=="
    "resolved" "https://registry.npmjs.org/is-binary-path/-/is-binary-path-2.1.0.tgz"
    "version" "2.1.0"
    dependencies:
      "binary-extensions" "^2.0.0"
  
  "is-core-module@^2.9.0":
    "integrity" "sha512-RRjxlvLDkD1YJwDbroBHMb+cukurkDWNyHx7D3oNB5x9rb5ogcksMC5wHCadcXoo67gVr/+3GFySh3134zi6rw=="
    "resolved" "https://registry.npmjs.org/is-core-module/-/is-core-module-2.11.0.tgz"
    "version" "2.11.0"
    dependencies:
      "has" "^1.0.3"
  
  "is-date-object@^1.0.1":
    "integrity" "sha512-9YQaSxsAiSwcvS33MBk3wTCVnWK+HhF8VZR2jRxehM16QcVOdHqPn4VPHmRK4lSr38n9JriurInLcP90xsYNfQ=="
    "resolved" "https://registry.npmjs.org/is-date-object/-/is-date-object-1.0.5.tgz"
    "version" "1.0.5"
    dependencies:
      "has-tostringtag" "^1.0.0"
  
  "is-extglob@^2.1.1":
    "integrity" "sha512-SbKbANkN603Vi4jEZv49LeVJMn4yGwsbzZworEoyEiutsN3nJYdbO36zfhGJ6QEDpOZIFkDtnq5JRxmvl3jsoQ=="
    "resolved" "https://registry.npmjs.org/is-extglob/-/is-extglob-2.1.1.tgz"
    "version" "2.1.1"
  
  "is-glob@^4.0.1", "is-glob@~4.0.1":
    "integrity" "sha512-xelSayHH36ZgE7ZWhli7pW34hNbNl8Ojv5KVmkJD4hBdD3th8Tfk9vYasLM+mXWOZhFkgZfxhLSnrwRr4elSSg=="
    "resolved" "https://registry.npmjs.org/is-glob/-/is-glob-4.0.3.tgz"
    "version" "4.0.3"
    dependencies:
      "is-extglob" "^2.1.1"
  
  "is-number@^7.0.0":
    "integrity" "sha512-41Cifkg6e8TylSpdtTpeLVMqvSBEVzTttHvERD741+pnZ8ANv0004MRL43QKPDlK9cGvNp6NZWZUBlbGXYxxng=="
    "resolved" "https://registry.npmjs.org/is-number/-/is-number-7.0.0.tgz"
    "version" "7.0.0"
  
  "is-regex@^1.0.4":
    "integrity" "sha512-kvRdxDsxZjhzUX07ZnLydzS1TU/TJlTUHHY4YLL87e37oUA49DfkLqgy+VjFocowy29cKvcSiu+kIv728jTTVg=="
    "resolved" "https://registry.npmjs.org/is-regex/-/is-regex-1.1.4.tgz"
    "version" "1.1.4"
    dependencies:
      "call-bind" "^1.0.2"
      "has-tostringtag" "^1.0.0"
  
  "jest-worker@^27.4.5":
    "integrity" "sha512-7vuh85V5cdDofPyxn58nrPjBktZo0u9x1g8WtjQol+jZDaE+fhN+cIvTj11GndBnMnyfrUOG1sZQxCdjKh+DKg=="
    "resolved" "https://registry.npmjs.org/jest-worker/-/jest-worker-27.5.1.tgz"
    "version" "27.5.1"
    dependencies:
      "@types/node" "*"
      "merge-stream" "^2.0.0"
      "supports-color" "^8.0.0"
  
  "json-parse-even-better-errors@^2.3.1":
    "integrity" "sha512-xyFwyhro/JEof6Ghe2iz2NcXoj2sloNsWr/XsERDK/oiPCfaNhl5ONfp+jQdAZRQQ0IJWNzH9zIZF7li91kh2w=="
    "resolved" "https://registry.npmjs.org/json-parse-even-better-errors/-/json-parse-even-better-errors-2.3.1.tgz"
    "version" "2.3.1"
  
  "json-schema-traverse@^0.4.1":
    "integrity" "sha512-xbbCH5dCYU5T8LcEhhuh7HJ88HXuW3qsI3Y0zOZFKfZEHcpWiHU/Jxzk629Brsab/mMiHQti9wMP+845RPe3Vg=="
    "resolved" "https://registry.npmjs.org/json-schema-traverse/-/json-schema-traverse-0.4.1.tgz"
    "version" "0.4.1"
  
  "klona@^2.0.4":
    "integrity" "sha512-dhG34DXATL5hSxJbIexCft8FChFXtmskoZYnoPWjXQuebWYCNkVeV3KkGegCK9CP1oswI/vQibS2GY7Em/sJJA=="
    "resolved" "https://registry.npmjs.org/klona/-/klona-2.0.6.tgz"
    "version" "2.0.6"
  
  "lilconfig@^2.0.3":
    "integrity" "sha512-utWOt/GHzuUxnLKxB6dk81RoOeoNeHgbrXiuGk4yyF5qlRz+iIVWu56E2fqGHFrXz0QNUhLB/8nKqvRH66JKGQ=="
    "resolved" "https://registry.npmjs.org/lilconfig/-/lilconfig-2.1.0.tgz"
    "version" "2.1.0"
  
  "loader-runner@^4.2.0":
    "integrity" "sha512-3R/1M+yS3j5ou80Me59j7F9IMs4PXs3VqRrm0TU3AbKPxlmpoY1TNscJV/oGJXo8qCatFGTfDbY6W6ipGOYXfg=="
    "resolved" "https://registry.npmjs.org/loader-runner/-/loader-runner-4.3.0.tgz"
    "version" "4.3.0"
  
  "lodash-es@^4.17.21":
    "integrity" "sha512-mKnC+QJ9pWVzv+C4/U3rRsHapFfHvQFoFB92e52xeyGMcX6/OlIl78je1u8vePzYZSkkogMPJ2yjxxsb89cxyw=="
    "resolved" "https://registry.npmjs.org/lodash-es/-/lodash-es-4.17.21.tgz"
    "version" "4.17.21"
  
  "lodash.memoize@^4.1.2":
    "integrity" "sha512-t7j+NzmgnQzTAYXcsHYLgimltOV1MXHtlOWf6GjL9Kj8GK5FInw5JotxvbOs+IvV1/Dzo04/fCGfLVs7aXb4Ag=="
    "resolved" "https://registry.npmjs.org/lodash.memoize/-/lodash.memoize-4.1.2.tgz"
    "version" "4.1.2"
  
  "lodash.uniq@^4.5.0":
    "integrity" "sha512-xfBaXQd9ryd9dlSDvnvI0lvxfLJlYAZzXomUYzLKtUeOQvOP5piqAWuGtrhWeqaXK9hhoM/iyJc5AV+XfsX3HQ=="
    "resolved" "https://registry.npmjs.org/lodash.uniq/-/lodash.uniq-4.5.0.tgz"
    "version" "4.5.0"
  
  "magic-string@^0.25.7":
    "integrity" "sha512-RmF0AsMzgt25qzqqLc1+MbHmhdx0ojF2Fvs4XnOqz2ZOBXzzkEwc/dJQZCYHAn7v1jbVOjAZfK8msRn4BxO4VQ=="
    "resolved" "https://registry.npmjs.org/magic-string/-/magic-string-0.25.9.tgz"
    "version" "0.25.9"
    dependencies:
      "sourcemap-codec" "^1.4.8"
  
  "mdn-data@2.0.14":
    "integrity" "sha512-dn6wd0uw5GsdswPFfsgMp5NSB0/aDe6fK94YJV/AJDYXL6HVLWBsxeq7js7Ad+mU2K9LAlwpk6kN2D5mwCPVow=="
    "resolved" "https://registry.npmjs.org/mdn-data/-/mdn-data-2.0.14.tgz"
    "version" "2.0.14"
  
  "merge-stream@^2.0.0":
    "integrity" "sha512-abv/qOcuPfk3URPfDzmZU1LKmuw8kT+0nIHvKrKgFrwifol/doWcdA4ZqsWQ8ENrFKkd67Mfpo/LovbIUsbt3w=="
    "resolved" "https://registry.npmjs.org/merge-stream/-/merge-stream-2.0.0.tgz"
    "version" "2.0.0"
  
  "merge2@^1.3.0":
    "integrity" "sha512-8q7VEgMJW4J8tcfVPy8g09NcQwZdbwFEqhe/WZkoIzjn/3TGDwtOCYtXGxA3O8tPzpczCCDgv+P2P5y00ZJOOg=="
    "resolved" "https://registry.npmjs.org/merge2/-/merge2-1.4.1.tgz"
    "version" "1.4.1"
  
  "micromatch@^4.0.4":
    "integrity" "sha512-DMy+ERcEW2q8Z2Po+WNXuw3c5YaUSFjAO5GsJqfEl7UjvtIuFKO6ZrKvcItdy98dwFI2N1tg3zNIdKaQT+aNdA=="
    "resolved" "https://registry.npmjs.org/micromatch/-/micromatch-4.0.5.tgz"
    "version" "4.0.5"
    dependencies:
      "braces" "^3.0.2"
      "picomatch" "^2.3.1"
  
  "mime-db@1.52.0":
    "integrity" "sha512-sPU4uV7dYlvtWJxwwxHD0PuihVNiE7TyAbQ5SWxDCB9mUYvOgroQOwYQQOKPJ8CIbE+1ETVlOoK1UC2nU3gYvg=="
    "resolved" "https://registry.npmjs.org/mime-db/-/mime-db-1.52.0.tgz"
    "version" "1.52.0"
  
  "mime-types@^2.1.12", "mime-types@^2.1.27":
    "integrity" "sha512-ZDY+bPm5zTTF+YpCrAU9nK0UgICYPT0QtT1NZWFv4s++TNkcgVaT0g6+4R2uI4MjQjzysHB1zxuWL50hzaeXiw=="
    "resolved" "https://registry.npmjs.org/mime-types/-/mime-types-2.1.35.tgz"
    "version" "2.1.35"
    dependencies:
      "mime-db" "1.52.0"
  
  "moment@^2.29.4":
    "integrity" "sha512-5LC9SOxjSc2HF6vO2CyuTDNivEdoz2IvyJJGj6X8DJ0eFyfszE0QiEd+iXmBvUP3WHxSjFH/vIsA0EN00cgr8w=="
    "resolved" "https://registry.npmjs.org/moment/-/moment-2.29.4.tgz"
    "version" "2.29.4"
  
  "ms@2.1.2":
    "integrity" "sha512-sGkPx+VjMtmA6MX27oA4FBFELFCZZ4S4XqeGOXCv68tT+jb3vk/RyaKWP0PTKyWtmLSM0b+adUTEvbs1PEaH2w=="
    "resolved" "https://registry.npmjs.org/ms/-/ms-2.1.2.tgz"
    "version" "2.1.2"
  
  "nanoid@^3.3.6":
    "integrity" "sha512-BGcqMMJuToF7i1rt+2PWSNVnWIkGCU78jBG3RxO/bZlnZPK2Cmi2QaffxGO/2RvWi9sL+FAiRiXMgsyxQ1DIDA=="
    "resolved" "https://registry.npmjs.org/nanoid/-/nanoid-3.3.6.tgz"
    "version" "3.3.6"
  
  "neo-async@^2.6.2":
    "integrity" "sha512-Yd3UES5mWCSqR+qNT93S3UoYUkqAZ9lLg8a7g9rimsWmYGK8cVToA4/sF3RrshdyV3sAGMXVUmpMYOw+dLpOuw=="
    "resolved" "https://registry.npmjs.org/neo-async/-/neo-async-2.6.2.tgz"
    "version" "2.6.2"
  
  "node-releases@^2.0.8":
    "integrity" "sha512-5GFldHPXVG/YZmFzJvKK2zDSzPKhEp0+ZR5SVaoSag9fsL5YgHbUHDfnG5494ISANDcK4KwPXAx2xqVEydmd7w=="
    "resolved" "https://registry.npmjs.org/node-releases/-/node-releases-2.0.10.tgz"
    "version" "2.0.10"
  
  "normalize-path@^3.0.0", "normalize-path@~3.0.0":
    "integrity" "sha512-6eZs5Ls3WtCisHWp9S2GUy8dqkpGi4BVSz3GaqiE6ezub0512ESztXUwUB6C6IKbQkY2Pnb/mD4WYojCRwcwLA=="
    "resolved" "https://registry.npmjs.org/normalize-path/-/normalize-path-3.0.0.tgz"
    "version" "3.0.0"
  
  "normalize-url@^6.0.1":
    "integrity" "sha512-DlL+XwOy3NxAQ8xuC0okPgK46iuVNAK01YN7RueYBqqFeGsBjV9XmCAzAdgt+667bCl5kPh9EqKKDwnaPG1I7A=="
    "resolved" "https://registry.npmjs.org/normalize-url/-/normalize-url-6.1.0.tgz"
    "version" "6.1.0"
  
  "nth-check@^2.0.1":
    "integrity" "sha512-lqjrjmaOoAnWfMmBPL+XNnynZh2+swxiX3WUE0s4yEHI6m+AwrK2UZOimIRl3X/4QctVqS8AiZjFqyOGrMXb/w=="
    "resolved" "https://registry.npmjs.org/nth-check/-/nth-check-2.1.1.tgz"
    "version" "2.1.1"
    dependencies:
      "boolbase" "^1.0.0"
  
  "object-is@^1.0.1":
    "integrity" "sha512-3cyDsyHgtmi7I7DfSSI2LDp6SK2lwvtbg0p0R1e0RvTqF5ceGx+K2dfSjm1bKDMVCFEDAQvy+o8c6a7VujOddw=="
    "resolved" "https://registry.npmjs.org/object-is/-/object-is-1.1.5.tgz"
    "version" "1.1.5"
    dependencies:
      "call-bind" "^1.0.2"
      "define-properties" "^1.1.3"
  
  "object-keys@^1.1.1":
    "integrity" "sha512-NuAESUOUMrlIXOfHKzD6bpPu3tYt3xvjNdRIQ+FeT0lNb4K8WR70CaDxhuNguS2XG+GjkyMwOzsN5ZktImfhLA=="
    "resolved" "https://registry.npmjs.org/object-keys/-/object-keys-1.1.1.tgz"
    "version" "1.1.1"
  
  "papaparse@^5.4.1":
    "integrity" "sha512-HipMsgJkZu8br23pW15uvo6sib6wne/4woLZPlFf3rpDyMe9ywEXUsuD7+6K9PRkJlVT51j/sCOYDKGGS3ZJrw=="
    "resolved" "https://registry.npmjs.org/papaparse/-/papaparse-5.4.1.tgz"
    "version" "5.4.1"
  
  "parchment@^1.1.4":
    "integrity" "sha512-J5FBQt/pM2inLzg4hEWmzQx/8h8D0CiDxaG3vyp9rKrQRSDgBlhjdP5jQGgosEajXPSQouXGHOmVdgo7QmJuOg=="
    "resolved" "https://registry.npmjs.org/parchment/-/parchment-1.1.4.tgz"
    "version" "1.1.4"
  
  "path-parse@^1.0.7":
    "integrity" "sha512-LDJzPVEEEPR+y48z93A0Ed0yXb8pAByGWo/k5YYdYgpY2/2EsOsksJrq7lOHxryrVOn1ejG6oAp8ahvOIQD8sw=="
    "resolved" "https://registry.npmjs.org/path-parse/-/path-parse-1.0.7.tgz"
    "version" "1.0.7"
  
  "perfect-scrollbar@^1.5.5":
    "integrity" "sha512-dzalfutyP3e/FOpdlhVryN4AJ5XDVauVWxybSkLZmakFE2sS3y3pc4JnSprw8tGmHvkaG5Edr5T7LBTZ+WWU2g=="
    "resolved" "https://registry.npmjs.org/perfect-scrollbar/-/perfect-scrollbar-1.5.5.tgz"
    "version" "1.5.5"
  
  "picocolors@^0.2.1":
    "integrity" "sha512-cMlDqaLEqfSaW8Z7N5Jw+lyIW869EzT73/F5lhtY9cLGoVxSXznfgfXMO0Z5K0o0Q2TkTXq+0KFsdnSe3jDViA=="
    "resolved" "https://registry.npmjs.org/picocolors/-/picocolors-0.2.1.tgz"
    "version" "0.2.1"
  
  "picocolors@^1.0.0":
    "integrity" "sha512-1fygroTLlHu66zi26VoTDv8yRgm0Fccecssto+MhsZ0D/DGW2sm8E8AjW7NU5VVTRt5GxbeZ5qBuJr+HyLYkjQ=="
    "resolved" "https://registry.npmjs.org/picocolors/-/picocolors-1.0.0.tgz"
    "version" "1.0.0"
  
  "picomatch@^2.0.4", "picomatch@^2.2.1", "picomatch@^2.3.1":
    "integrity" "sha512-JU3teHTNjmE2VCGFzuY8EXzCDVwEqB2a8fsIvwaStHhAWJEeVd1o1QD80CU6+ZdEXXSLbSsuLwJjkCBWqRQUVA=="
    "resolved" "https://registry.npmjs.org/picomatch/-/picomatch-2.3.1.tgz"
    "version" "2.3.1"
  
  "pify@^2.3.0":
    "integrity" "sha512-udgsAY+fTnvv7kI7aaxbqwWNb0AHiB0qBO89PZKPkoTmGOgdbrHDKD+0B2X4uTfJ/FT1R09r9gTsjUjNJotuog=="
    "resolved" "https://registry.npmjs.org/pify/-/pify-2.3.0.tgz"
    "version" "2.3.0"
  
  "postcss-calc@^8.2.3":
    "integrity" "sha512-SmWMSJmB8MRnnULldx0lQIyhSNvuDl9HfrZkaqqE/WHAhToYsAvDq+yAsA/kIyINDszOp3Rh0GFoNuH5Ypsm3Q=="
    "resolved" "https://registry.npmjs.org/postcss-calc/-/postcss-calc-8.2.4.tgz"
    "version" "8.2.4"
    dependencies:
      "postcss-selector-parser" "^6.0.9"
      "postcss-value-parser" "^4.2.0"
  
  "postcss-colormin@^5.3.1":
    "integrity" "sha512-UsWQG0AqTFQmpBegeLLc1+c3jIqBNB0zlDGRWR+dQ3pRKJL1oeMzyqmH3o2PIfn9MBdNrVPWhDbT769LxCTLJQ=="
    "resolved" "https://registry.npmjs.org/postcss-colormin/-/postcss-colormin-5.3.1.tgz"
    "version" "5.3.1"
    dependencies:
      "browserslist" "^4.21.4"
      "caniuse-api" "^3.0.0"
      "colord" "^2.9.1"
      "postcss-value-parser" "^4.2.0"
  
  "postcss-convert-values@^5.1.3":
    "integrity" "sha512-82pC1xkJZtcJEfiLw6UXnXVXScgtBrjlO5CBmuDQc+dlb88ZYheFsjTn40+zBVi3DkfF7iezO0nJUPLcJK3pvA=="
    "resolved" "https://registry.npmjs.org/postcss-convert-values/-/postcss-convert-values-5.1.3.tgz"
    "version" "5.1.3"
    dependencies:
      "browserslist" "^4.21.4"
      "postcss-value-parser" "^4.2.0"
  
  "postcss-discard-comments@^5.1.2":
    "integrity" "sha512-+L8208OVbHVF2UQf1iDmRcbdjJkuBF6IS29yBDSiWUIzpYaAhtNl6JYnYm12FnkeCwQqF5LeklOu6rAqgfBZqQ=="
    "resolved" "https://registry.npmjs.org/postcss-discard-comments/-/postcss-discard-comments-5.1.2.tgz"
    "version" "5.1.2"
  
  "postcss-discard-duplicates@^5.1.0":
    "integrity" "sha512-zmX3IoSI2aoenxHV6C7plngHWWhUOV3sP1T8y2ifzxzbtnuhk1EdPwm0S1bIUNaJ2eNbWeGLEwzw8huPD67aQw=="
    "resolved" "https://registry.npmjs.org/postcss-discard-duplicates/-/postcss-discard-duplicates-5.1.0.tgz"
    "version" "5.1.0"
  
  "postcss-discard-empty@^5.1.1":
    "integrity" "sha512-zPz4WljiSuLWsI0ir4Mcnr4qQQ5e1Ukc3i7UfE2XcrwKK2LIPIqE5jxMRxO6GbI3cv//ztXDsXwEWT3BHOGh3A=="
    "resolved" "https://registry.npmjs.org/postcss-discard-empty/-/postcss-discard-empty-5.1.1.tgz"
    "version" "5.1.1"
  
  "postcss-discard-overridden@^5.1.0":
    "integrity" "sha512-21nOL7RqWR1kasIVdKs8HNqQJhFxLsyRfAnUDm4Fe4t4mCWL9OJiHvlHPjcd8zc5Myu89b/7wZDnOSjFgeWRtw=="
    "resolved" "https://registry.npmjs.org/postcss-discard-overridden/-/postcss-discard-overridden-5.1.0.tgz"
    "version" "5.1.0"
  
  "postcss-import@^12.0.0":
    "integrity" "sha512-3Gti33dmCjyKBgimqGxL3vcV8w9+bsHwO5UrBawp796+jdardbcFl4RP5w/76BwNL7aGzpKstIfF9I+kdE8pTw=="
    "resolved" "https://registry.npmjs.org/postcss-import/-/postcss-import-12.0.1.tgz"
    "version" "12.0.1"
    dependencies:
      "postcss" "^7.0.1"
      "postcss-value-parser" "^3.2.3"
      "read-cache" "^1.0.0"
      "resolve" "^1.1.7"
  
  "postcss-merge-longhand@^5.1.7":
    "integrity" "sha512-YCI9gZB+PLNskrK0BB3/2OzPnGhPkBEwmwhfYk1ilBHYVAZB7/tkTHFBAnCrvBBOmeYyMYw3DMjT55SyxMBzjQ=="
    "resolved" "https://registry.npmjs.org/postcss-merge-longhand/-/postcss-merge-longhand-5.1.7.tgz"
    "version" "5.1.7"
    dependencies:
      "postcss-value-parser" "^4.2.0"
      "stylehacks" "^5.1.1"
  
  "postcss-merge-rules@^5.1.4":
    "integrity" "sha512-0R2IuYpgU93y9lhVbO/OylTtKMVcHb67zjWIfCiKR9rWL3GUk1677LAqD/BcHizukdZEjT8Ru3oHRoAYoJy44g=="
    "resolved" "https://registry.npmjs.org/postcss-merge-rules/-/postcss-merge-rules-5.1.4.tgz"
    "version" "5.1.4"
    dependencies:
      "browserslist" "^4.21.4"
      "caniuse-api" "^3.0.0"
      "cssnano-utils" "^3.1.0"
      "postcss-selector-parser" "^6.0.5"
  
  "postcss-minify-font-values@^5.1.0":
    "integrity" "sha512-el3mYTgx13ZAPPirSVsHqFzl+BBBDrXvbySvPGFnQcTI4iNslrPaFq4muTkLZmKlGk4gyFAYUBMH30+HurREyA=="
    "resolved" "https://registry.npmjs.org/postcss-minify-font-values/-/postcss-minify-font-values-5.1.0.tgz"
    "version" "5.1.0"
    dependencies:
      "postcss-value-parser" "^4.2.0"
  
  "postcss-minify-gradients@^5.1.1":
    "integrity" "sha512-VGvXMTpCEo4qHTNSa9A0a3D+dxGFZCYwR6Jokk+/3oB6flu2/PnPXAh2x7x52EkY5xlIHLm+Le8tJxe/7TNhzw=="
    "resolved" "https://registry.npmjs.org/postcss-minify-gradients/-/postcss-minify-gradients-5.1.1.tgz"
    "version" "5.1.1"
    dependencies:
      "colord" "^2.9.1"
      "cssnano-utils" "^3.1.0"
      "postcss-value-parser" "^4.2.0"
  
  "postcss-minify-params@^5.1.4":
    "integrity" "sha512-+mePA3MgdmVmv6g+30rn57USjOGSAyuxUmkfiWpzalZ8aiBkdPYjXWtHuwJGm1v5Ojy0Z0LaSYhHaLJQB0P8Jw=="
    "resolved" "https://registry.npmjs.org/postcss-minify-params/-/postcss-minify-params-5.1.4.tgz"
    "version" "5.1.4"
    dependencies:
      "browserslist" "^4.21.4"
      "cssnano-utils" "^3.1.0"
      "postcss-value-parser" "^4.2.0"
  
  "postcss-minify-selectors@^5.2.1":
    "integrity" "sha512-nPJu7OjZJTsVUmPdm2TcaiohIwxP+v8ha9NehQ2ye9szv4orirRU3SDdtUmKH+10nzn0bAyOXZ0UEr7OpvLehg=="
    "resolved" "https://registry.npmjs.org/postcss-minify-selectors/-/postcss-minify-selectors-5.2.1.tgz"
    "version" "5.2.1"
    dependencies:
      "postcss-selector-parser" "^6.0.5"
  
  "postcss-normalize-charset@^5.1.0":
    "integrity" "sha512-mSgUJ+pd/ldRGVx26p2wz9dNZ7ji6Pn8VWBajMXFf8jk7vUoSrZ2lt/wZR7DtlZYKesmZI680qjr2CeFF2fbUg=="
    "resolved" "https://registry.npmjs.org/postcss-normalize-charset/-/postcss-normalize-charset-5.1.0.tgz"
    "version" "5.1.0"
  
  "postcss-normalize-display-values@^5.1.0":
    "integrity" "sha512-WP4KIM4o2dazQXWmFaqMmcvsKmhdINFblgSeRgn8BJ6vxaMyaJkwAzpPpuvSIoG/rmX3M+IrRZEz2H0glrQNEA=="
    "resolved" "https://registry.npmjs.org/postcss-normalize-display-values/-/postcss-normalize-display-values-5.1.0.tgz"
    "version" "5.1.0"
    dependencies:
      "postcss-value-parser" "^4.2.0"
  
  "postcss-normalize-positions@^5.1.1":
    "integrity" "sha512-6UpCb0G4eofTCQLFVuI3EVNZzBNPiIKcA1AKVka+31fTVySphr3VUgAIULBhxZkKgwLImhzMR2Bw1ORK+37INg=="
    "resolved" "https://registry.npmjs.org/postcss-normalize-positions/-/postcss-normalize-positions-5.1.1.tgz"
    "version" "5.1.1"
    dependencies:
      "postcss-value-parser" "^4.2.0"
  
  "postcss-normalize-repeat-style@^5.1.1":
    "integrity" "sha512-mFpLspGWkQtBcWIRFLmewo8aC3ImN2i/J3v8YCFUwDnPu3Xz4rLohDO26lGjwNsQxB3YF0KKRwspGzE2JEuS0g=="
    "resolved" "https://registry.npmjs.org/postcss-normalize-repeat-style/-/postcss-normalize-repeat-style-5.1.1.tgz"
    "version" "5.1.1"
    dependencies:
      "postcss-value-parser" "^4.2.0"
  
  "postcss-normalize-string@^5.1.0":
    "integrity" "sha512-oYiIJOf4T9T1N4i+abeIc7Vgm/xPCGih4bZz5Nm0/ARVJ7K6xrDlLwvwqOydvyL3RHNf8qZk6vo3aatiw/go3w=="
    "resolved" "https://registry.npmjs.org/postcss-normalize-string/-/postcss-normalize-string-5.1.0.tgz"
    "version" "5.1.0"
    dependencies:
      "postcss-value-parser" "^4.2.0"
  
  "postcss-normalize-timing-functions@^5.1.0":
    "integrity" "sha512-DOEkzJ4SAXv5xkHl0Wa9cZLF3WCBhF3o1SKVxKQAa+0pYKlueTpCgvkFAHfk+Y64ezX9+nITGrDZeVGgITJXjg=="
    "resolved" "https://registry.npmjs.org/postcss-normalize-timing-functions/-/postcss-normalize-timing-functions-5.1.0.tgz"
    "version" "5.1.0"
    dependencies:
      "postcss-value-parser" "^4.2.0"
  
  "postcss-normalize-unicode@^5.1.1":
    "integrity" "sha512-qnCL5jzkNUmKVhZoENp1mJiGNPcsJCs1aaRmURmeJGES23Z/ajaln+EPTD+rBeNkSryI+2WTdW+lwcVdOikrpA=="
    "resolved" "https://registry.npmjs.org/postcss-normalize-unicode/-/postcss-normalize-unicode-5.1.1.tgz"
    "version" "5.1.1"
    dependencies:
      "browserslist" "^4.21.4"
      "postcss-value-parser" "^4.2.0"
  
  "postcss-normalize-url@^5.1.0":
    "integrity" "sha512-5upGeDO+PVthOxSmds43ZeMeZfKH+/DKgGRD7TElkkyS46JXAUhMzIKiCa7BabPeIy3AQcTkXwVVN7DbqsiCew=="
    "resolved" "https://registry.npmjs.org/postcss-normalize-url/-/postcss-normalize-url-5.1.0.tgz"
    "version" "5.1.0"
    dependencies:
      "normalize-url" "^6.0.1"
      "postcss-value-parser" "^4.2.0"
  
  "postcss-normalize-whitespace@^5.1.1":
    "integrity" "sha512-83ZJ4t3NUDETIHTa3uEg6asWjSBYL5EdkVB0sDncx9ERzOKBVJIUeDO9RyA9Zwtig8El1d79HBp0JEi8wvGQnA=="
    "resolved" "https://registry.npmjs.org/postcss-normalize-whitespace/-/postcss-normalize-whitespace-5.1.1.tgz"
    "version" "5.1.1"
    dependencies:
      "postcss-value-parser" "^4.2.0"
  
  "postcss-ordered-values@^5.1.3":
    "integrity" "sha512-9UO79VUhPwEkzbb3RNpqqghc6lcYej1aveQteWY+4POIwlqkYE21HKWaLDF6lWNuqCobEAyTovVhtI32Rbv2RQ=="
    "resolved" "https://registry.npmjs.org/postcss-ordered-values/-/postcss-ordered-values-5.1.3.tgz"
    "version" "5.1.3"
    dependencies:
      "cssnano-utils" "^3.1.0"
      "postcss-value-parser" "^4.2.0"
  
  "postcss-reduce-initial@^5.1.2":
    "integrity" "sha512-dE/y2XRaqAi6OvjzD22pjTUQ8eOfc6m/natGHgKFBK9DxFmIm69YmaRVQrGgFlEfc1HePIurY0TmDeROK05rIg=="
    "resolved" "https://registry.npmjs.org/postcss-reduce-initial/-/postcss-reduce-initial-5.1.2.tgz"
    "version" "5.1.2"
    dependencies:
      "browserslist" "^4.21.4"
      "caniuse-api" "^3.0.0"
  
  "postcss-reduce-transforms@^5.1.0":
    "integrity" "sha512-2fbdbmgir5AvpW9RLtdONx1QoYG2/EtqpNQbFASDlixBbAYuTcJ0dECwlqNqH7VbaUnEnh8SrxOe2sRIn24XyQ=="
    "resolved" "https://registry.npmjs.org/postcss-reduce-transforms/-/postcss-reduce-transforms-5.1.0.tgz"
    "version" "5.1.0"
    dependencies:
      "postcss-value-parser" "^4.2.0"
  
  "postcss-selector-parser@^6.0.4", "postcss-selector-parser@^6.0.5", "postcss-selector-parser@^6.0.9":
    "integrity" "sha512-zbARubNdogI9j7WY4nQJBiNqQf3sLS3wCP4WfOidu+p28LofJqDH1tcXypGrcmMHhDk2t9wGhCsYe/+szLTy1g=="
    "resolved" "https://registry.npmjs.org/postcss-selector-parser/-/postcss-selector-parser-6.0.11.tgz"
    "version" "6.0.11"
    dependencies:
      "cssesc" "^3.0.0"
      "util-deprecate" "^1.0.2"
  
  "postcss-svgo@^5.1.0":
    "integrity" "sha512-D75KsH1zm5ZrHyxPakAxJWtkyXew5qwS70v56exwvw542d9CRtTo78K0WeFxZB4G7JXKKMbEZtZayTGdIky/eA=="
    "resolved" "https://registry.npmjs.org/postcss-svgo/-/postcss-svgo-5.1.0.tgz"
    "version" "5.1.0"
    dependencies:
      "postcss-value-parser" "^4.2.0"
      "svgo" "^2.7.0"
  
  "postcss-unique-selectors@^5.1.1":
    "integrity" "sha512-5JiODlELrz8L2HwxfPnhOWZYWDxVHWL83ufOv84NrcgipI7TaeRsatAhK4Tr2/ZiYldpK/wBvw5BD3qfaK96GA=="
    "resolved" "https://registry.npmjs.org/postcss-unique-selectors/-/postcss-unique-selectors-5.1.1.tgz"
    "version" "5.1.1"
    dependencies:
      "postcss-selector-parser" "^6.0.5"
  
  "postcss-value-parser@^3.2.3":
    "integrity" "sha512-pISE66AbVkp4fDQ7VHBwRNXzAAKJjw4Vw7nWI/+Q3vuly7SNfgYXvm6i5IgFylHGK5sP/xHAbB7N49OS4gWNyQ=="
    "resolved" "https://registry.npmjs.org/postcss-value-parser/-/postcss-value-parser-3.3.1.tgz"
    "version" "3.3.1"
  
  "postcss-value-parser@^4.2.0":
    "integrity" "sha512-1NNCs6uurfkVbeXG4S8JFT9t19m45ICnif8zWLd5oPSZ50QnwMfK+H3jv408d4jw/7Bttv5axS5IiHoLaVNHeQ=="
    "resolved" "https://registry.npmjs.org/postcss-value-parser/-/postcss-value-parser-4.2.0.tgz"
    "version" "4.2.0"
  
  "postcss@^7.0.1":
    "integrity" "sha512-yioayjNbHn6z1/Bywyb2Y4s3yvDAeXGOyxqD+LnVOinq6Mdmd++SW2wUNVzavyyHxd6+DxzWGIuosg6P1Rj8uA=="
    "resolved" "https://registry.npmjs.org/postcss/-/postcss-7.0.39.tgz"
    "version" "7.0.39"
    dependencies:
      "picocolors" "^0.2.1"
      "source-map" "^0.6.1"
  
  "postcss@^8.0.9", "postcss@^8.1.10", "postcss@^8.2.15", "postcss@^8.2.2", "postcss@^8.4.27":
    "integrity" "sha512-cbI+jaqIeu/VGqXEarWkRCCffhjgXc0qjBtXpqJhTBohMUjUQnbBr0xqX3vEKudc4iviTewcJo5ajcec5+wdJw=="
    "resolved" "https://registry.npmjs.org/postcss/-/postcss-8.4.29.tgz"
    "version" "8.4.29"
    dependencies:
      "nanoid" "^3.3.6"
      "picocolors" "^1.0.0"
      "source-map-js" "^1.0.2"
  
  "proxy-from-env@^1.1.0":
    "integrity" "sha512-D+zkORCbA9f1tdWRK0RaCR3GPv50cMxcrz4X8k5LTSUD1Dkw47mKJEZQNunItRTkWwgtaUSo1RVFRIG9ZXiFYg=="
    "resolved" "https://registry.npmjs.org/proxy-from-env/-/proxy-from-env-1.1.0.tgz"
    "version" "1.1.0"
  
  "punycode@^2.1.0":
    "integrity" "sha512-rRV+zQD8tVFys26lAGR9WUuS4iUAngJScM+ZRSKtvl5tKeZ2t5bvdNFdNHBW9FWR4guGHlgmsZ1G7BSm2wTbuA=="
    "resolved" "https://registry.npmjs.org/punycode/-/punycode-2.3.0.tgz"
    "version" "2.3.0"
  
  "queue-microtask@^1.2.2":
    "integrity" "sha512-NuaNSa6flKT5JaSYQzJok04JzTL1CA6aGhv5rfLW3PgqA+M2ChpZQnAC8h8i4ZFkBS8X5RqkDBHA7r4hej3K9A=="
    "resolved" "https://registry.npmjs.org/queue-microtask/-/queue-microtask-1.2.3.tgz"
    "version" "1.2.3"
  
  "quill-delta@^3.6.2":
    "integrity" "sha512-wdIGBlcX13tCHOXGMVnnTVFtGRLoP0imqxM696fIPwIf5ODIYUHIvHbZcyvGlZFiFhK5XzDC2lpjbxRhnM05Tg=="
    "resolved" "https://registry.npmjs.org/quill-delta/-/quill-delta-3.6.3.tgz"
    "version" "3.6.3"
    dependencies:
      "deep-equal" "^1.0.1"
      "extend" "^3.0.2"
      "fast-diff" "1.1.2"
  
  "quill@^1.3.7":
    "integrity" "sha512-hG/DVzh/TiknWtE6QmWAF/pxoZKYxfe3J/d/+ShUWkDvvkZQVTPeVmUJVu1uE6DDooC4fWTiCLh84ul89oNz5g=="
    "resolved" "https://registry.npmjs.org/quill/-/quill-1.3.7.tgz"
    "version" "1.3.7"
    dependencies:
      "clone" "^2.1.1"
      "deep-equal" "^1.0.1"
      "eventemitter3" "^2.0.3"
      "extend" "^3.0.2"
      "parchment" "^1.1.4"
      "quill-delta" "^3.6.2"
  
  "randombytes@^2.1.0":
    "integrity" "sha512-vYl3iOX+4CKUWuxGi9Ukhie6fsqXqS9FE2Zaic4tNFD2N2QQaXOMFbuKK4QmDHC0JO6B1Zp41J0LpT0oR68amQ=="
    "resolved" "https://registry.npmjs.org/randombytes/-/randombytes-2.1.0.tgz"
    "version" "2.1.0"
    dependencies:
      "safe-buffer" "^5.1.0"
  
  "read-cache@^1.0.0":
    "integrity" "sha512-Owdv/Ft7IjOgm/i0xvNDZ1LrRANRfew4b2prF3OWMQLxLfu3bS8FVhCsrSCMK4lR56Y9ya+AThoTpDCTxCmpRA=="
    "resolved" "https://registry.npmjs.org/read-cache/-/read-cache-1.0.0.tgz"
    "version" "1.0.0"
    dependencies:
      "pify" "^2.3.0"
  
  "readdirp@~3.6.0":
    "integrity" "sha512-hOS089on8RduqdbhvQ5Z37A0ESjsqz6qnRcffsMU3495FuTdqSm+7bhJ29JvIOsBDEEnan5DPu9t3To9VRlMzA=="
    "resolved" "https://registry.npmjs.org/readdirp/-/readdirp-3.6.0.tgz"
    "version" "3.6.0"
    dependencies:
      "picomatch" "^2.2.1"
  
  "regexp.prototype.flags@^1.2.0":
    "integrity" "sha512-0SutC3pNudRKgquxGoRGIz946MZVHqbNfPjBdxeOhBrdgDKlRoXmYLQN9xRbrR09ZXWeGAdPuif7egofn6v5LA=="
    "resolved" "https://registry.npmjs.org/regexp.prototype.flags/-/regexp.prototype.flags-1.5.0.tgz"
    "version" "1.5.0"
    dependencies:
      "call-bind" "^1.0.2"
      "define-properties" "^1.2.0"
      "functions-have-names" "^1.2.3"
  
  "resolve@^1.1.7":
    "integrity" "sha512-nBpuuYuY5jFsli/JIs1oldw6fOQCBioohqWZg/2hiaOybXOft4lonv85uDOKXdf8rhyK159cxU5cDcK/NKk8zw=="
    "resolved" "https://registry.npmjs.org/resolve/-/resolve-1.22.1.tgz"
    "version" "1.22.1"
    dependencies:
      "is-core-module" "^2.9.0"
      "path-parse" "^1.0.7"
      "supports-preserve-symlinks-flag" "^1.0.0"
  
  "reusify@^1.0.4":
    "integrity" "sha512-U9nH88a3fc/ekCF1l0/UP1IosiuIjyTh7hBvXVMHYgVcfGvt897Xguj2UOLDeI5BG2m7/uwyaLVT6fbtCwTyzw=="
    "resolved" "https://registry.npmjs.org/reusify/-/reusify-1.0.4.tgz"
    "version" "1.0.4"
  
  "rollup@^3.27.1":
    "integrity" "sha512-R9OMQmIHJm9znrU3m3cpE8uhN0fGdXiawME7aZIpQqvpS/85+Vt1Hq1/yVIcYfOmaQiHjvXkQAoJukvLpau6Yw=="
    "resolved" "https://registry.npmjs.org/rollup/-/rollup-3.28.1.tgz"
    "version" "3.28.1"
    optionalDependencies:
      "fsevents" "~2.3.2"
  
  "run-parallel@^1.1.9":
    "integrity" "sha512-5l4VyZR86LZ/lDxZTR6jqL8AFE2S0IFLMP26AbjsLVADxHdhB/c0GUsH+y39UfCi3dzz8OlQuPmnaJOMoDHQBA=="
    "resolved" "https://registry.npmjs.org/run-parallel/-/run-parallel-1.2.0.tgz"
    "version" "1.2.0"
    dependencies:
      "queue-microtask" "^1.2.2"
  
  "safe-buffer@^5.1.0":
    "integrity" "sha512-rp3So07KcdmmKbGvgaNxQSJr7bGVSVk5S9Eq1F+ppbRo70+YeaDxkw5Dd8NPN+GD6bjnYm2VuPuCXmpuYvmCXQ=="
    "resolved" "https://registry.npmjs.org/safe-buffer/-/safe-buffer-5.2.1.tgz"
    "version" "5.2.1"
  
  "sass-loader@^13.2.0":
    "integrity" "sha512-JWEp48djQA4nbZxmgC02/Wh0eroSUutulROUusYJO9P9zltRbNN80JCBHqRGzjd4cmZCa/r88xgfkjGD0TXsHg=="
    "resolved" "https://registry.npmjs.org/sass-loader/-/sass-loader-13.2.0.tgz"
    "version" "13.2.0"
    dependencies:
      "klona" "^2.0.4"
      "neo-async" "^2.6.2"
  
  "sass@*", "sass@^1.3.0", "sass@~1.32":
    "integrity" "sha512-dEgI9nShraqP7cXQH+lEXVf73WOPCse0QlFzSD8k+1TcOxCMwVXfQlr0jtoluZysQOyJGnfr21dLvYKDJq8HkA=="
    "resolved" "https://registry.npmjs.org/sass/-/sass-1.32.13.tgz"
    "version" "1.32.13"
    dependencies:
      "chokidar" ">=3.0.0 <4.0.0"
  
  "schema-utils@^3.1.0", "schema-utils@^3.1.1":
    "integrity" "sha512-Y5PQxS4ITlC+EahLuXaY86TXfR7Dc5lw294alXOq86JAHCihAIZfqv8nNCWvaEJvaC51uN9hbLGeV0cFBdH+Fw=="
    "resolved" "https://registry.npmjs.org/schema-utils/-/schema-utils-3.1.1.tgz"
    "version" "3.1.1"
    dependencies:
      "@types/json-schema" "^7.0.8"
      "ajv" "^6.12.5"
      "ajv-keywords" "^3.5.2"
  
  "serialize-javascript@^6.0.1":
    "integrity" "sha512-owoXEFjWRllis8/M1Q+Cw5k8ZH40e3zhp/ovX+Xr/vi1qj6QesbyXXViFbpNvWvPNAD62SutwEXavefrLJWj7w=="
    "resolved" "https://registry.npmjs.org/serialize-javascript/-/serialize-javascript-6.0.1.tgz"
    "version" "6.0.1"
    dependencies:
      "randombytes" "^2.1.0"
  
  "source-map-js@^1.0.2":
    "integrity" "sha512-R0XvVJ9WusLiqTCEiGCmICCMplcCkIwwR11mOSD9CR5u+IXYdiseeEuXCVAjS54zqwkLcPNnmU4OeJ6tUrWhDw=="
    "resolved" "https://registry.npmjs.org/source-map-js/-/source-map-js-1.0.2.tgz"
    "version" "1.0.2"
  
  "source-map-support@~0.5.20":
    "integrity" "sha512-uBHU3L3czsIyYXKX88fdrGovxdSCoTGDRZ6SYXtSRxLZUzHg5P/66Ht6uoUlHu9EZod+inXhKo3qQgwXUT/y1w=="
    "resolved" "https://registry.npmjs.org/source-map-support/-/source-map-support-0.5.21.tgz"
    "version" "0.5.21"
    dependencies:
      "buffer-from" "^1.0.0"
      "source-map" "^0.6.0"
  
  "source-map@^0.6.0", "source-map@^0.6.1":
    "integrity" "sha512-UjgapumWlbMhkBgzT7Ykc5YXUT46F0iKu8SGXq0bcwP5dz/h0Plj6enJqjz1Zbq2l5WaqYnrVbwWOWMyF3F47g=="
    "resolved" "https://registry.npmjs.org/source-map/-/source-map-0.6.1.tgz"
    "version" "0.6.1"
  
  "sourcemap-codec@^1.4.8":
    "integrity" "sha512-9NykojV5Uih4lgo5So5dtw+f0JgJX30KCNI8gwhz2J9A15wD0Ml6tjHKwf6fTSa6fAdVBdZeNOs9eJ71qCk8vA=="
    "resolved" "https://registry.npmjs.org/sourcemap-codec/-/sourcemap-codec-1.4.8.tgz"
    "version" "1.4.8"
  
  "stable@^0.1.8":
    "integrity" "sha512-ji9qxRnOVfcuLDySj9qzhGSEFVobyt1kIOSkj1qZzYLzq7Tos/oUUWvotUPQLlrsidqsK6tBH89Bc9kL5zHA6w=="
    "resolved" "https://registry.npmjs.org/stable/-/stable-0.1.8.tgz"
    "version" "0.1.8"
  
  "stylehacks@^5.1.1":
    "integrity" "sha512-sBpcd5Hx7G6seo7b1LkpttvTz7ikD0LlH5RmdcBNb6fFR0Fl7LQwHDFr300q4cwUqi+IYrFGmsIHieMBfnN/Bw=="
    "resolved" "https://registry.npmjs.org/stylehacks/-/stylehacks-5.1.1.tgz"
    "version" "5.1.1"
    dependencies:
      "browserslist" "^4.21.4"
      "postcss-selector-parser" "^6.0.4"
  
  "supports-color@^8.0.0":
    "integrity" "sha512-MpUEN2OodtUzxvKQl72cUF7RQ5EiHsGvSsVG0ia9c5RbWGL2CI4C7EpPS8UTBIplnlzZiNuV56w+FuNxy3ty2Q=="
    "resolved" "https://registry.npmjs.org/supports-color/-/supports-color-8.1.1.tgz"
    "version" "8.1.1"
    dependencies:
      "has-flag" "^4.0.0"
  
  "supports-preserve-symlinks-flag@^1.0.0":
    "integrity" "sha512-ot0WnXS9fgdkgIcePe6RHNk1WA8+muPa6cSjeR3V8K27q9BB1rTE3R1p7Hv0z1ZyAc8s6Vvv8DIyWf681MAt0w=="
    "resolved" "https://registry.npmjs.org/supports-preserve-symlinks-flag/-/supports-preserve-symlinks-flag-1.0.0.tgz"
    "version" "1.0.0"
  
  "svgo@^2.7.0":
    "integrity" "sha512-+N/Q9kV1+F+UeWYoSiULYo4xYSDQlTgb+ayMobAXPwMnLvop7oxKMo9OzIrX5x3eS4L4f2UHhc9axXwY8DpChg=="
    "resolved" "https://registry.npmjs.org/svgo/-/svgo-2.8.0.tgz"
    "version" "2.8.0"
    dependencies:
      "@trysound/sax" "0.2.0"
      "commander" "^7.2.0"
      "css-select" "^4.1.3"
      "css-tree" "^1.1.3"
      "csso" "^4.2.0"
      "picocolors" "^1.0.0"
      "stable" "^0.1.8"
  
  "tapable@^2.1.1", "tapable@^2.2.0":
    "integrity" "sha512-GNzQvQTOIP6RyTfE2Qxb8ZVlNmw0n88vp1szwWRimP02mnTsx3Wtn5qRdqY9w2XduFNUgvOwhNnQsjwCp+kqaQ=="
    "resolved" "https://registry.npmjs.org/tapable/-/tapable-2.2.1.tgz"
    "version" "2.2.1"
  
  "terser-webpack-plugin@^5.1.3":
    "integrity" "sha512-AfKwIktyP7Cu50xNjXF/6Qb5lBNzYaWpU6YfoX3uZicTx0zTy0stDDCsvjDapKsSDvOeWo5MEq4TmdBy2cNoHw=="
    "resolved" "https://registry.npmjs.org/terser-webpack-plugin/-/terser-webpack-plugin-5.3.7.tgz"
    "version" "5.3.7"
    dependencies:
      "@jridgewell/trace-mapping" "^0.3.17"
      "jest-worker" "^27.4.5"
      "schema-utils" "^3.1.1"
      "serialize-javascript" "^6.0.1"
      "terser" "^5.16.5"
  
  "terser@^5.16.5", "terser@^5.4.0":
    "integrity" "sha512-IBZ+ZQIA9sMaXmRZCUMDjNH0D5AQQfdn4WUjHL0+1lF4TP1IHRJbrhb6fNaXWikrYQTSkb7SLxkeXAiy1p7mbg=="
    "resolved" "https://registry.npmjs.org/terser/-/terser-5.16.6.tgz"
    "version" "5.16.6"
    dependencies:
      "@jridgewell/source-map" "^0.3.2"
      "acorn" "^8.5.0"
      "commander" "^2.20.0"
      "source-map-support" "~0.5.20"
  
  "to-regex-range@^5.0.1":
    "integrity" "sha512-65P7iz6X5yEr1cwcgvQxbbIw7Uk3gOy5dIdtZ4rDveLqhrdJP+Li/Hx6tyK0NEb+2GCyneCMJiGqrADCSNk8sQ=="
    "resolved" "https://registry.npmjs.org/to-regex-range/-/to-regex-range-5.0.1.tgz"
    "version" "5.0.1"
    dependencies:
      "is-number" "^7.0.0"
  
  "update-browserslist-db@^1.0.10":
    "integrity" "sha512-OztqDenkfFkbSG+tRxBeAnCVPckDBcvibKd35yDONx6OU8N7sqgwc7rCbkJ/WcYtVRZ4ba68d6byhC21GFh7sQ=="
    "resolved" "https://registry.npmjs.org/update-browserslist-db/-/update-browserslist-db-1.0.10.tgz"
    "version" "1.0.10"
    dependencies:
      "escalade" "^3.1.1"
      "picocolors" "^1.0.0"
  
  "uri-js@^4.2.2":
    "integrity" "sha512-7rKUyy33Q1yc98pQ1DAmLtwX109F7TIfWlW1Ydo8Wl1ii1SeHieeh0HHfPeL2fMXK6z0s8ecKs9frCuLJvndBg=="
    "resolved" "https://registry.npmjs.org/uri-js/-/uri-js-4.4.1.tgz"
    "version" "4.4.1"
    dependencies:
      "punycode" "^2.1.0"
  
  "util-deprecate@^1.0.2":
    "integrity" "sha512-EPD5q1uXyFxJpCrLnCc1nHnq3gOa6DZBocAIiI2TaSCA7VCJ1UJDMagCzIkXNsUYfD1daK//LTEQ8xiIbrHtcw=="
    "resolved" "https://registry.npmjs.org/util-deprecate/-/util-deprecate-1.0.2.tgz"
    "version" "1.0.2"
  
  "vite-plugin-ruby@^3.2.0":
    "integrity" "sha512-GBSplgICiQb/pweEZzXtWrJhvOo33ljE7taAVbxDOXCbm4X3w0mFUmowxFf4I7oePtLPIZRU8N+JHCcBYzNIng=="
    "resolved" "https://registry.npmjs.org/vite-plugin-ruby/-/vite-plugin-ruby-3.2.1.tgz"
    "version" "3.2.1"
    dependencies:
      "debug" "^4.3.4"
      "fast-glob" "^3.2.12"
  
  "vite@^4.0.0", "vite@^4.3.0", "vite@>=4.0.0":
    "integrity" "sha512-2mbUn2LlUmNASWwSCNSJ/EG2HuSRTnVNaydp6vMCm5VIqJsjMfbIWtbH2kDuwUVW5mMUKKZvGPX/rqeqVvv1XA=="
    "resolved" "https://registry.npmjs.org/vite/-/vite-4.4.9.tgz"
    "version" "4.4.9"
    dependencies:
      "esbuild" "^0.18.10"
      "postcss" "^8.4.27"
      "rollup" "^3.27.1"
    optionalDependencies:
      "fsevents" "~2.3.2"
  
  "vue-google-oauth2@^1.5.10":
    "integrity" "sha512-0+ZGbauhkBhvTln2RPyeaSvRdrka194h+MeEQngy1H4UvGOC5hxRMB8QvUrVRP/w2Tt8/ByCqGDko6MuHpFpbQ=="
    "resolved" "https://registry.npmjs.org/vue-google-oauth2/-/vue-google-oauth2-1.5.10.tgz"
    "version" "1.5.10"
  
  "vue-router@^4.0.13":
    "integrity" "sha512-LmXrC+BkDRLak+d5xTMgUYraT3Nj0H/vCbP+7usGvIl9Viqd1UP6AsP0i69pSbn9O0dXK/xCdp4yPw21HqV9Jw=="
    "resolved" "https://registry.npmjs.org/vue-router/-/vue-router-4.0.13.tgz"
    "version" "4.0.13"
    dependencies:
      "@vue/devtools-api" "^6.0.0"
  
  "vue@^3.0.0", "vue@^3.0.2", "vue@^3.0.3", "vue@^3.2.0", "vue@^3.2.25", "vue@3.2.33":
    "integrity" "sha512-si1ExAlDUrLSIg/V7D/GgA4twJwfsfgG+t9w10z38HhL/HA07132pUQ2KuwAo8qbCyMJ9e6OqrmWrOCr+jW7ZQ=="
    "resolved" "https://registry.npmjs.org/vue/-/vue-3.2.33.tgz"
    "version" "3.2.33"
    dependencies:
      "@vue/compiler-dom" "3.2.33"
      "@vue/compiler-sfc" "3.2.33"
      "@vue/runtime-dom" "3.2.33"
      "@vue/server-renderer" "3.2.33"
      "@vue/shared" "3.2.33"
  
  "vue3-editor@^0.1.1":
    "integrity" "sha512-rH1U28wi+mHQlJFr4mvMW3D0oILnjV/BY9TslzWc6zM5zwv48I8LQk4sVzggN2KTDIGAdlDsmdReAd+7fhMYmQ=="
    "resolved" "https://registry.npmjs.org/vue3-editor/-/vue3-editor-0.1.1.tgz"
    "version" "0.1.1"
    dependencies:
      "core-js" "^3.6.5"
      "quill" "^1.3.7"
  
  "vue3-google-login@^2.0.25":
    "integrity" "sha512-b6EfYFF2KH1qSiiCKI9WmPB79GdXifPB8qOt48RRmo1F5h3UcigrrqzQCosjcRLcTqUpRQcZ9TeKYP4ZVroNHQ=="
    "resolved" "https://registry.npmjs.org/vue3-google-login/-/vue3-google-login-2.0.25.tgz"
    "version" "2.0.25"
  
  "vue3-perfect-scrollbar@^1.6.1":
    "integrity" "sha512-r9wfxlFwVyHXMPKG0PnR7fDfJPQ20KEVzKQfSU5by2WKYz2PwV0bTfyfejmEyZXsXL0O8VtSWtgxfPuFR2AGOg=="
    "resolved" "https://registry.npmjs.org/vue3-perfect-scrollbar/-/vue3-perfect-scrollbar-1.6.1.tgz"
    "version" "1.6.1"
    dependencies:
      "cssnano" "^5.1.14"
      "perfect-scrollbar" "^1.5.5"
      "postcss-import" "^12.0.0"
  
  "vuetify@^3.3.19":
    "integrity" "sha512-6/byccc79pq2LmveSgte/AXqyEXkq3aFMxKMwoizsDzDPH4vz/44wRx0+TxhiDk4+n8WOhMa2VlXq1xsJIi1HA=="
    "resolved" "https://registry.npmjs.org/vuetify/-/vuetify-3.3.19.tgz"
    "version" "3.3.19"
  
  "vuex@^4.0.2":
    "integrity" "sha512-M6r8uxELjZIK8kTKDGgZTYX/ahzblnzC4isU1tpmEuOIIKmV+TRdc+H4s8ds2NuZ7wpUTdGRzJRtoj+lI+pc0Q=="
    "resolved" "https://registry.npmjs.org/vuex/-/vuex-4.0.2.tgz"
    "version" "4.0.2"
    dependencies:
      "@vue/devtools-api" "^6.0.0-beta.11"
  
  "watchpack@^2.4.0":
    "integrity" "sha512-Lcvm7MGST/4fup+ifyKi2hjyIAwcdI4HRgtvTpIUxBRhB+RFtUh8XtDOxUfctVCnhVi+QQj49i91OyvzkJl6cg=="
    "resolved" "https://registry.npmjs.org/watchpack/-/watchpack-2.4.0.tgz"
    "version" "2.4.0"
    dependencies:
      "glob-to-regexp" "^0.4.1"
      "graceful-fs" "^4.1.2"
  
  "webpack-sources@^3.2.3":
    "integrity" "sha512-/DyMEOrDgLKKIG0fmvtz+4dUX/3Ghozwgm6iPp8KRhvn+eQf9+Q7GWxVNMk3+uCPWfdXYC4ExGBckIXdFEfH1w=="
    "resolved" "https://registry.npmjs.org/webpack-sources/-/webpack-sources-3.2.3.tgz"
    "version" "3.2.3"
  
  "webpack@^5.0.0", "webpack@^5.1.0":
    "integrity" "sha512-Th05ggRm23rVzEOlX8y67NkYCHa9nTNcwHPBhdg+lKG+mtiW7XgggjAeeLnADAe7mLjJ6LUNfgHAuRRh+Z6J7w=="
    "resolved" "https://registry.npmjs.org/webpack/-/webpack-5.76.2.tgz"
    "version" "5.76.2"
    dependencies:
      "@types/eslint-scope" "^3.7.3"
      "@types/estree" "^0.0.51"
      "@webassemblyjs/ast" "1.11.1"
      "@webassemblyjs/wasm-edit" "1.11.1"
      "@webassemblyjs/wasm-parser" "1.11.1"
      "acorn" "^8.7.1"
      "acorn-import-assertions" "^1.7.6"
      "browserslist" "^4.14.5"
      "chrome-trace-event" "^1.0.2"
      "enhanced-resolve" "^5.10.0"
      "es-module-lexer" "^0.9.0"
      "eslint-scope" "5.1.1"
      "events" "^3.2.0"
      "glob-to-regexp" "^0.4.1"
      "graceful-fs" "^4.2.9"
      "json-parse-even-better-errors" "^2.3.1"
      "loader-runner" "^4.2.0"
      "mime-types" "^2.1.27"
      "neo-async" "^2.6.2"
      "schema-utils" "^3.1.0"
      "tapable" "^2.1.1"
      "terser-webpack-plugin" "^5.1.3"
      "watchpack" "^2.4.0"
      "webpack-sources" "^3.2.3"
  
  "yaml@^1.10.2":
    "integrity" "sha512-r3vXyErRCYJ7wg28yvBY5VSoAF8ZvlcW9/BwUzEtUsjvX/DKs24dIkuwjtuprwJJHsbyUbLApepYTR1BN4uHrg=="
    "resolved" "https://registry.npmjs.org/yaml/-/yaml-1.10.2.tgz"
    "version" "1.10.2"
