I, [2022-10-14T21:06:11.085334 #1]  INFO -- : Refreshing Gem list
Warning: the running version of Bundler (2.1.4) is older than the version that created the lockfile (2.3.13). We suggest you to upgrade to the version that created the lockfile by running `gem install bundler:2.3.13`.
/usr/local/lib/ruby/2.7.0/json/version.rb:4: warning: already initialized constant JSON::VERSION
/usr/local/bundle/gems/json-1.8.6/lib/json/version.rb:3: warning: previous definition of VERSION was here
/usr/local/lib/ruby/2.7.0/json/version.rb:5: warning: already initialized constant JSON::VERSION_ARRAY
/usr/local/bundle/gems/json-1.8.6/lib/json/version.rb:4: warning: previous definition of VERSION_ARRAY was here
/usr/local/lib/ruby/2.7.0/json/version.rb:6: warning: already initialized constant JSON::VERSION_MAJOR
/usr/local/bundle/gems/json-1.8.6/lib/json/version.rb:5: warning: previous definition of VERSION_MAJOR was here
/usr/local/lib/ruby/2.7.0/json/version.rb:7: warning: already initialized constant JSON::VERSION_MINOR
/usr/local/bundle/gems/json-1.8.6/lib/json/version.rb:6: warning: previous definition of VERSION_MINOR was here
/usr/local/lib/ruby/2.7.0/json/version.rb:8: warning: already initialized constant JSON::VERSION_BUILD
/usr/local/bundle/gems/json-1.8.6/lib/json/version.rb:7: warning: previous definition of VERSION_BUILD was here
/usr/local/lib/ruby/2.7.0/json/common.rb:100: warning: already initialized constant JSON::NaN
/usr/local/bundle/gems/json-1.8.6/lib/json/common.rb:99: warning: previous definition of NaN was here
/usr/local/lib/ruby/2.7.0/json/common.rb:102: warning: already initialized constant JSON::Infinity
/usr/local/bundle/gems/json-1.8.6/lib/json/common.rb:101: warning: previous definition of Infinity was here
/usr/local/lib/ruby/2.7.0/json/common.rb:104: warning: already initialized constant JSON::MinusInfinity
/usr/local/bundle/gems/json-1.8.6/lib/json/common.rb:103: warning: previous definition of MinusInfinity was here
/usr/local/lib/ruby/2.7.0/json/common.rb:129: warning: already initialized constant JSON::UnparserError
/usr/local/bundle/gems/json-1.8.6/lib/json/common.rb:128: warning: previous definition of UnparserError was here
config.eager_load is set to nil. Please update your config/environments/*.rb files accordingly:

  * development - set it to false
  * test - set it to false (unless you use a tool that preloads your test environment)
  * production - set it to true

bundler: failed to load command: unicorn (/usr/local/bundle/bin/unicorn)
ActiveRecord::AdapterNotSpecified: The `develoment` database is not configured for the `develoment` environment.

  Available databases configurations are:

  development

  /usr/local/bundle/gems/activerecord-6.1.1/lib/active_record/database_configurations.rb:193:in `resolve_symbol_connection'
  /usr/local/bundle/gems/activerecord-6.1.1/lib/active_record/database_configurations.rb:143:in `resolve'
  /usr/local/bundle/gems/activerecord-6.1.1/lib/active_record/connection_handling.rb:359:in `resolve_config_for_connection'
  /usr/local/bundle/gems/activerecord-6.1.1/lib/active_record/connection_handling.rb:51:in `establish_connection'
  /usr/local/bundle/gems/activerecord-6.1.1/lib/active_record/railtie.rb:222:in `block (2 levels) in <class:Railtie>'
  /usr/local/bundle/gems/activesupport-6.1.1/lib/active_support/lazy_load_hooks.rb:71:in `class_eval'
  /usr/local/bundle/gems/activesupport-6.1.1/lib/active_support/lazy_load_hooks.rb:71:in `block in execute_hook'
  /usr/local/bundle/gems/activesupport-6.1.1/lib/active_support/lazy_load_hooks.rb:61:in `with_execution_control'
  /usr/local/bundle/gems/activesupport-6.1.1/lib/active_support/lazy_load_hooks.rb:66:in `execute_hook'
  /usr/local/bundle/gems/activesupport-6.1.1/lib/active_support/lazy_load_hooks.rb:43:in `block in on_load'
  /usr/local/bundle/gems/activesupport-6.1.1/lib/active_support/lazy_load_hooks.rb:42:in `each'
  /usr/local/bundle/gems/activesupport-6.1.1/lib/active_support/lazy_load_hooks.rb:42:in `on_load'
  /usr/local/bundle/gems/activerecord-6.1.1/lib/active_record/railtie.rb:217:in `block in <class:Railtie>'
  /usr/local/bundle/gems/railties-6.1.1/lib/rails/initializable.rb:32:in `instance_exec'
  /usr/local/bundle/gems/railties-6.1.1/lib/rails/initializable.rb:32:in `run'
  /usr/local/bundle/gems/railties-6.1.1/lib/rails/initializable.rb:61:in `block in run_initializers'
  /usr/local/lib/ruby/2.7.0/tsort.rb:228:in `block in tsort_each'
  /usr/local/lib/ruby/2.7.0/tsort.rb:350:in `block (2 levels) in each_strongly_connected_component'
  /usr/local/lib/ruby/2.7.0/tsort.rb:431:in `each_strongly_connected_component_from'
  /usr/local/lib/ruby/2.7.0/tsort.rb:349:in `block in each_strongly_connected_component'
  /usr/local/lib/ruby/2.7.0/tsort.rb:347:in `each'
  /usr/local/lib/ruby/2.7.0/tsort.rb:347:in `call'
  /usr/local/lib/ruby/2.7.0/tsort.rb:347:in `each_strongly_connected_component'
  /usr/local/lib/ruby/2.7.0/tsort.rb:226:in `tsort_each'
  /usr/local/lib/ruby/2.7.0/tsort.rb:205:in `tsort_each'
  /usr/local/bundle/gems/railties-6.1.1/lib/rails/initializable.rb:60:in `run_initializers'
  /usr/local/bundle/gems/railties-6.1.1/lib/rails/application.rb:384:in `initialize!'
  /app/config/environment.rb:5:in `<top (required)>'
  config.ru:4:in `require'
  config.ru:4:in `block in <main>'
  /usr/local/bundle/gems/rack-2.2.3/lib/rack/builder.rb:125:in `instance_eval'
  /usr/local/bundle/gems/rack-2.2.3/lib/rack/builder.rb:125:in `initialize'
  config.ru:1:in `new'
  config.ru:1:in `<main>'
  /usr/local/bundle/gems/unicorn-6.0.0/lib/unicorn.rb:54:in `eval'
  /usr/local/bundle/gems/unicorn-6.0.0/lib/unicorn.rb:54:in `block in builder'
  /usr/local/bundle/gems/unicorn-6.0.0/lib/unicorn/http_server.rb:826:in `build_app!'
  /usr/local/bundle/gems/unicorn-6.0.0/lib/unicorn/http_server.rb:140:in `start'
  /usr/local/bundle/gems/unicorn-6.0.0/bin/unicorn:128:in `<top (required)>'
  /usr/local/bundle/bin/unicorn:23:in `load'
  /usr/local/bundle/bin/unicorn:23:in `<top (required)>'
I, [2022-10-14T21:06:50.821491 #1]  INFO -- : Refreshing Gem list
Warning: the running version of Bundler (2.1.4) is older than the version that created the lockfile (2.3.13). We suggest you to upgrade to the version that created the lockfile by running `gem install bundler:2.3.13`.
/usr/local/lib/ruby/2.7.0/json/version.rb:4: warning: already initialized constant JSON::VERSION
/usr/local/bundle/gems/json-1.8.6/lib/json/version.rb:3: warning: previous definition of VERSION was here
/usr/local/lib/ruby/2.7.0/json/version.rb:5: warning: already initialized constant JSON::VERSION_ARRAY
/usr/local/bundle/gems/json-1.8.6/lib/json/version.rb:4: warning: previous definition of VERSION_ARRAY was here
/usr/local/lib/ruby/2.7.0/json/version.rb:6: warning: already initialized constant JSON::VERSION_MAJOR
/usr/local/bundle/gems/json-1.8.6/lib/json/version.rb:5: warning: previous definition of VERSION_MAJOR was here
/usr/local/lib/ruby/2.7.0/json/version.rb:7: warning: already initialized constant JSON::VERSION_MINOR
/usr/local/bundle/gems/json-1.8.6/lib/json/version.rb:6: warning: previous definition of VERSION_MINOR was here
/usr/local/lib/ruby/2.7.0/json/version.rb:8: warning: already initialized constant JSON::VERSION_BUILD
/usr/local/bundle/gems/json-1.8.6/lib/json/version.rb:7: warning: previous definition of VERSION_BUILD was here
/usr/local/lib/ruby/2.7.0/json/common.rb:100: warning: already initialized constant JSON::NaN
/usr/local/bundle/gems/json-1.8.6/lib/json/common.rb:99: warning: previous definition of NaN was here
/usr/local/lib/ruby/2.7.0/json/common.rb:102: warning: already initialized constant JSON::Infinity
/usr/local/bundle/gems/json-1.8.6/lib/json/common.rb:101: warning: previous definition of Infinity was here
/usr/local/lib/ruby/2.7.0/json/common.rb:104: warning: already initialized constant JSON::MinusInfinity
/usr/local/bundle/gems/json-1.8.6/lib/json/common.rb:103: warning: previous definition of MinusInfinity was here
/usr/local/lib/ruby/2.7.0/json/common.rb:129: warning: already initialized constant JSON::UnparserError
/usr/local/bundle/gems/json-1.8.6/lib/json/common.rb:128: warning: previous definition of UnparserError was here
I, [2022-10-14T21:06:55.565391 #1]  INFO -- : unlinking existing socket=/app/shared/sockets/unicorn_1.sock
I, [2022-10-14T21:06:55.569304 #1]  INFO -- : listening on addr=/app/shared/sockets/unicorn_1.sock fd=11
I, [2022-10-14T21:06:55.570668 #1]  INFO -- : unlinking existing socket=/app/shared/sockets/unicorn_2.sock
I, [2022-10-14T21:06:55.573947 #1]  INFO -- : listening on addr=/app/shared/sockets/unicorn_2.sock fd=12
I, [2022-10-14T21:06:55.574705 #1]  INFO -- : listening on addr=0.0.0.0:3000 fd=13
I, [2022-10-14T21:06:55.575336 #1]  INFO -- : worker=0 spawning...
I, [2022-10-14T21:06:55.577837 #1]  INFO -- : worker=1 spawning...
I, [2022-10-14T21:06:55.578949 #12]  INFO -- : worker=0 spawned pid=12
I, [2022-10-14T21:06:55.579761 #12]  INFO -- : worker=0 ready
I, [2022-10-14T21:06:55.580322 #1]  INFO -- : worker=2 spawning...
I, [2022-10-14T21:06:55.581352 #13]  INFO -- : worker=1 spawned pid=13
I, [2022-10-14T21:06:55.582029 #13]  INFO -- : worker=1 ready
I, [2022-10-14T21:06:55.582752 #1]  INFO -- : worker=3 spawning...
I, [2022-10-14T21:06:55.584995 #14]  INFO -- : worker=2 spawned pid=14
I, [2022-10-14T21:06:55.585043 #1]  INFO -- : master process ready
I, [2022-10-14T21:06:55.585977 #15]  INFO -- : worker=3 spawned pid=15
I, [2022-10-14T21:06:55.586747 #14]  INFO -- : worker=2 ready
I, [2022-10-14T21:06:55.587924 #15]  INFO -- : worker=3 ready
